2023-11-22T02:50:17+00:00 CRITICAL Uncaught TypeError: round(): Argument #1 ($num) must be of type int|float, string given in C:\xampp\htdocs\flatsome\wp-content\plugins\woo-product-bundle\includes\class-helper.php:27
Stack trace:
#0 C:\xampp\htdocs\flatsome\wp-content\plugins\woo-product-bundle\includes\class-helper.php(27): round('', 0)
#1 C:\xampp\htdocs\flatsome\wp-content\plugins\woo-product-bundle\includes\class-woosb.php(2295): WPCleverWoosb_Helper::round_price('')
#2 C:\xampp\htdocs\flatsome\wp-content\plugins\woo-product-bundle\includes\class-woosb.php(1925): WPCleverWoosb->product_data_li(Object(WC_Product_External), Array, true)
#3 C:\xampp\htdocs\flatsome\wp-includes\class-wp-hook.php(324): WPCleverWoosb->ajax_get_search_results('')
#4 C:\xampp\htdocs\flatsome\wp-includes\class-wp-hook.php(348): WP_Hook->apply_filters('', Array)
#5 C:\xampp\htdocs\flatsome\wp-includes\plugin.php(517): WP_Hook->do_action(Array)
#6 C:\xampp\htdocs\flatsome\wp-admin\admin-ajax.php(188): do_action('wp_ajax_woosb_g...')
#7 {main}
  thrown in C:\xampp\htdocs\flatsome\wp-content\plugins\woo-product-bundle\includes\class-helper.php on line 27

2023-11-22T02:50:39+00:00 CRITICAL Uncaught TypeError: round(): Argument #1 ($num) must be of type int|float, string given in C:\xampp\htdocs\flatsome\wp-content\plugins\woo-product-bundle\includes\class-helper.php:27
Stack trace:
#0 C:\xampp\htdocs\flatsome\wp-content\plugins\woo-product-bundle\includes\class-helper.php(27): round('', 0)
#1 C:\xampp\htdocs\flatsome\wp-content\plugins\woo-product-bundle\includes\class-woosb.php(2295): WPCleverWoosb_Helper::round_price('')
#2 C:\xampp\htdocs\flatsome\wp-content\plugins\woo-product-bundle\includes\class-woosb.php(1925): WPCleverWoosb->product_data_li(Object(WC_Product_Simple), Array, true)
#3 C:\xampp\htdocs\flatsome\wp-includes\class-wp-hook.php(324): WPCleverWoosb->ajax_get_search_results('')
#4 C:\xampp\htdocs\flatsome\wp-includes\class-wp-hook.php(348): WP_Hook->apply_filters('', Array)
#5 C:\xampp\htdocs\flatsome\wp-includes\plugin.php(517): WP_Hook->do_action(Array)
#6 C:\xampp\htdocs\flatsome\wp-admin\admin-ajax.php(188): do_action('wp_ajax_woosb_g...')
#7 {main}
  thrown in C:\xampp\htdocs\flatsome\wp-content\plugins\woo-product-bundle\includes\class-helper.php on line 27

2023-11-22T02:50:56+00:00 CRITICAL Uncaught TypeError: round(): Argument #1 ($num) must be of type int|float, string given in C:\xampp\htdocs\flatsome\wp-content\plugins\woo-product-bundle\includes\class-helper.php:27
Stack trace:
#0 C:\xampp\htdocs\flatsome\wp-content\plugins\woo-product-bundle\includes\class-helper.php(27): round('', 0)
#1 C:\xampp\htdocs\flatsome\wp-content\plugins\woo-product-bundle\includes\class-woosb.php(2295): WPCleverWoosb_Helper::round_price('')
#2 C:\xampp\htdocs\flatsome\wp-content\plugins\woo-product-bundle\includes\class-woosb.php(1925): WPCleverWoosb->product_data_li(Object(WC_Product_External), Array, true)
#3 C:\xampp\htdocs\flatsome\wp-includes\class-wp-hook.php(324): WPCleverWoosb->ajax_get_search_results('')
#4 C:\xampp\htdocs\flatsome\wp-includes\class-wp-hook.php(348): WP_Hook->apply_filters('', Array)
#5 C:\xampp\htdocs\flatsome\wp-includes\plugin.php(517): WP_Hook->do_action(Array)
#6 C:\xampp\htdocs\flatsome\wp-admin\admin-ajax.php(188): do_action('wp_ajax_woosb_g...')
#7 {main}
  thrown in C:\xampp\htdocs\flatsome\wp-content\plugins\woo-product-bundle\includes\class-helper.php on line 27

2023-11-22T02:50:58+00:00 CRITICAL Uncaught TypeError: round(): Argument #1 ($num) must be of type int|float, string given in C:\xampp\htdocs\flatsome\wp-content\plugins\woo-product-bundle\includes\class-helper.php:27
Stack trace:
#0 C:\xampp\htdocs\flatsome\wp-content\plugins\woo-product-bundle\includes\class-helper.php(27): round('', 0)
#1 C:\xampp\htdocs\flatsome\wp-content\plugins\woo-product-bundle\includes\class-woosb.php(2295): WPCleverWoosb_Helper::round_price('')
#2 C:\xampp\htdocs\flatsome\wp-content\plugins\woo-product-bundle\includes\class-woosb.php(1925): WPCleverWoosb->product_data_li(Object(WC_Product_External), Array, true)
#3 C:\xampp\htdocs\flatsome\wp-includes\class-wp-hook.php(324): WPCleverWoosb->ajax_get_search_results('')
#4 C:\xampp\htdocs\flatsome\wp-includes\class-wp-hook.php(348): WP_Hook->apply_filters('', Array)
#5 C:\xampp\htdocs\flatsome\wp-includes\plugin.php(517): WP_Hook->do_action(Array)
#6 C:\xampp\htdocs\flatsome\wp-admin\admin-ajax.php(188): do_action('wp_ajax_woosb_g...')
#7 {main}
  thrown in C:\xampp\htdocs\flatsome\wp-content\plugins\woo-product-bundle\includes\class-helper.php on line 27

2023-11-22T02:50:59+00:00 CRITICAL Uncaught TypeError: round(): Argument #1 ($num) must be of type int|float, string given in C:\xampp\htdocs\flatsome\wp-content\plugins\woo-product-bundle\includes\class-helper.php:27
Stack trace:
#0 C:\xampp\htdocs\flatsome\wp-content\plugins\woo-product-bundle\includes\class-helper.php(27): round('', 0)
#1 C:\xampp\htdocs\flatsome\wp-content\plugins\woo-product-bundle\includes\class-woosb.php(2295): WPCleverWoosb_Helper::round_price('')
#2 C:\xampp\htdocs\flatsome\wp-content\plugins\woo-product-bundle\includes\class-woosb.php(1925): WPCleverWoosb->product_data_li(Object(WC_Product_Simple), Array, true)
#3 C:\xampp\htdocs\flatsome\wp-includes\class-wp-hook.php(324): WPCleverWoosb->ajax_get_search_results('')
#4 C:\xampp\htdocs\flatsome\wp-includes\class-wp-hook.php(348): WP_Hook->apply_filters('', Array)
#5 C:\xampp\htdocs\flatsome\wp-includes\plugin.php(517): WP_Hook->do_action(Array)
#6 C:\xampp\htdocs\flatsome\wp-admin\admin-ajax.php(188): do_action('wp_ajax_woosb_g...')
#7 {main}
  thrown in C:\xampp\htdocs\flatsome\wp-content\plugins\woo-product-bundle\includes\class-helper.php on line 27

2023-11-22T02:51:00+00:00 CRITICAL Uncaught TypeError: round(): Argument #1 ($num) must be of type int|float, string given in C:\xampp\htdocs\flatsome\wp-content\plugins\woo-product-bundle\includes\class-helper.php:27
Stack trace:
#0 C:\xampp\htdocs\flatsome\wp-content\plugins\woo-product-bundle\includes\class-helper.php(27): round('', 0)
#1 C:\xampp\htdocs\flatsome\wp-content\plugins\woo-product-bundle\includes\class-woosb.php(2295): WPCleverWoosb_Helper::round_price('')
#2 C:\xampp\htdocs\flatsome\wp-content\plugins\woo-product-bundle\includes\class-woosb.php(1925): WPCleverWoosb->product_data_li(Object(WC_Product_External), Array, true)
#3 C:\xampp\htdocs\flatsome\wp-includes\class-wp-hook.php(324): WPCleverWoosb->ajax_get_search_results('')
#4 C:\xampp\htdocs\flatsome\wp-includes\class-wp-hook.php(348): WP_Hook->apply_filters('', Array)
#5 C:\xampp\htdocs\flatsome\wp-includes\plugin.php(517): WP_Hook->do_action(Array)
#6 C:\xampp\htdocs\flatsome\wp-admin\admin-ajax.php(188): do_action('wp_ajax_woosb_g...')
#7 {main}
  thrown in C:\xampp\htdocs\flatsome\wp-content\plugins\woo-product-bundle\includes\class-helper.php on line 27

2023-11-22T02:51:00+00:00 CRITICAL Uncaught TypeError: round(): Argument #1 ($num) must be of type int|float, string given in C:\xampp\htdocs\flatsome\wp-content\plugins\woo-product-bundle\includes\class-helper.php:27
Stack trace:
#0 C:\xampp\htdocs\flatsome\wp-content\plugins\woo-product-bundle\includes\class-helper.php(27): round('', 0)
#1 C:\xampp\htdocs\flatsome\wp-content\plugins\woo-product-bundle\includes\class-woosb.php(2295): WPCleverWoosb_Helper::round_price('')
#2 C:\xampp\htdocs\flatsome\wp-content\plugins\woo-product-bundle\includes\class-woosb.php(1925): WPCleverWoosb->product_data_li(Object(WC_Product_Simple), Array, true)
#3 C:\xampp\htdocs\flatsome\wp-includes\class-wp-hook.php(324): WPCleverWoosb->ajax_get_search_results('')
#4 C:\xampp\htdocs\flatsome\wp-includes\class-wp-hook.php(348): WP_Hook->apply_filters('', Array)
#5 C:\xampp\htdocs\flatsome\wp-includes\plugin.php(517): WP_Hook->do_action(Array)
#6 C:\xampp\htdocs\flatsome\wp-admin\admin-ajax.php(188): do_action('wp_ajax_woosb_g...')
#7 {main}
  thrown in C:\xampp\htdocs\flatsome\wp-content\plugins\woo-product-bundle\includes\class-helper.php on line 27

2023-11-22T02:51:01+00:00 CRITICAL Uncaught TypeError: round(): Argument #1 ($num) must be of type int|float, string given in C:\xampp\htdocs\flatsome\wp-content\plugins\woo-product-bundle\includes\class-helper.php:27
Stack trace:
#0 C:\xampp\htdocs\flatsome\wp-content\plugins\woo-product-bundle\includes\class-helper.php(27): round('', 0)
#1 C:\xampp\htdocs\flatsome\wp-content\plugins\woo-product-bundle\includes\class-woosb.php(2295): WPCleverWoosb_Helper::round_price('')
#2 C:\xampp\htdocs\flatsome\wp-content\plugins\woo-product-bundle\includes\class-woosb.php(1925): WPCleverWoosb->product_data_li(Object(WC_Product_Simple), Array, true)
#3 C:\xampp\htdocs\flatsome\wp-includes\class-wp-hook.php(324): WPCleverWoosb->ajax_get_search_results('')
#4 C:\xampp\htdocs\flatsome\wp-includes\class-wp-hook.php(348): WP_Hook->apply_filters('', Array)
#5 C:\xampp\htdocs\flatsome\wp-includes\plugin.php(517): WP_Hook->do_action(Array)
#6 C:\xampp\htdocs\flatsome\wp-admin\admin-ajax.php(188): do_action('wp_ajax_woosb_g...')
#7 {main}
  thrown in C:\xampp\htdocs\flatsome\wp-content\plugins\woo-product-bundle\includes\class-helper.php on line 27

2023-11-22T02:51:08+00:00 CRITICAL Uncaught TypeError: round(): Argument #1 ($num) must be of type int|float, string given in C:\xampp\htdocs\flatsome\wp-content\plugins\woo-product-bundle\includes\class-helper.php:27
Stack trace:
#0 C:\xampp\htdocs\flatsome\wp-content\plugins\woo-product-bundle\includes\class-helper.php(27): round('', 0)
#1 C:\xampp\htdocs\flatsome\wp-content\plugins\woo-product-bundle\includes\class-woosb.php(2295): WPCleverWoosb_Helper::round_price('')
#2 C:\xampp\htdocs\flatsome\wp-content\plugins\woo-product-bundle\includes\class-woosb.php(1925): WPCleverWoosb->product_data_li(Object(WC_Product_External), Array, true)
#3 C:\xampp\htdocs\flatsome\wp-includes\class-wp-hook.php(324): WPCleverWoosb->ajax_get_search_results('')
#4 C:\xampp\htdocs\flatsome\wp-includes\class-wp-hook.php(348): WP_Hook->apply_filters('', Array)
#5 C:\xampp\htdocs\flatsome\wp-includes\plugin.php(517): WP_Hook->do_action(Array)
#6 C:\xampp\htdocs\flatsome\wp-admin\admin-ajax.php(188): do_action('wp_ajax_woosb_g...')
#7 {main}
  thrown in C:\xampp\htdocs\flatsome\wp-content\plugins\woo-product-bundle\includes\class-helper.php on line 27

2023-11-22T02:51:09+00:00 CRITICAL Uncaught TypeError: round(): Argument #1 ($num) must be of type int|float, string given in C:\xampp\htdocs\flatsome\wp-content\plugins\woo-product-bundle\includes\class-helper.php:27
Stack trace:
#0 C:\xampp\htdocs\flatsome\wp-content\plugins\woo-product-bundle\includes\class-helper.php(27): round('', 0)
#1 C:\xampp\htdocs\flatsome\wp-content\plugins\woo-product-bundle\includes\class-woosb.php(2295): WPCleverWoosb_Helper::round_price('')
#2 C:\xampp\htdocs\flatsome\wp-content\plugins\woo-product-bundle\includes\class-woosb.php(1925): WPCleverWoosb->product_data_li(Object(WC_Product_External), Array, true)
#3 C:\xampp\htdocs\flatsome\wp-includes\class-wp-hook.php(324): WPCleverWoosb->ajax_get_search_results('')
#4 C:\xampp\htdocs\flatsome\wp-includes\class-wp-hook.php(348): WP_Hook->apply_filters('', Array)
#5 C:\xampp\htdocs\flatsome\wp-includes\plugin.php(517): WP_Hook->do_action(Array)
#6 C:\xampp\htdocs\flatsome\wp-admin\admin-ajax.php(188): do_action('wp_ajax_woosb_g...')
#7 {main}
  thrown in C:\xampp\htdocs\flatsome\wp-content\plugins\woo-product-bundle\includes\class-helper.php on line 27

2023-11-22T02:51:11+00:00 CRITICAL Uncaught TypeError: round(): Argument #1 ($num) must be of type int|float, string given in C:\xampp\htdocs\flatsome\wp-content\plugins\woo-product-bundle\includes\class-helper.php:27
Stack trace:
#0 C:\xampp\htdocs\flatsome\wp-content\plugins\woo-product-bundle\includes\class-helper.php(27): round('', 0)
#1 C:\xampp\htdocs\flatsome\wp-content\plugins\woo-product-bundle\includes\class-woosb.php(2295): WPCleverWoosb_Helper::round_price('')
#2 C:\xampp\htdocs\flatsome\wp-content\plugins\woo-product-bundle\includes\class-woosb.php(1925): WPCleverWoosb->product_data_li(Object(WC_Product_External), Array, true)
#3 C:\xampp\htdocs\flatsome\wp-includes\class-wp-hook.php(324): WPCleverWoosb->ajax_get_search_results('')
#4 C:\xampp\htdocs\flatsome\wp-includes\class-wp-hook.php(348): WP_Hook->apply_filters('', Array)
#5 C:\xampp\htdocs\flatsome\wp-includes\plugin.php(517): WP_Hook->do_action(Array)
#6 C:\xampp\htdocs\flatsome\wp-admin\admin-ajax.php(188): do_action('wp_ajax_woosb_g...')
#7 {main}
  thrown in C:\xampp\htdocs\flatsome\wp-content\plugins\woo-product-bundle\includes\class-helper.php on line 27

2023-11-22T02:51:12+00:00 CRITICAL Uncaught TypeError: round(): Argument #1 ($num) must be of type int|float, string given in C:\xampp\htdocs\flatsome\wp-content\plugins\woo-product-bundle\includes\class-helper.php:27
Stack trace:
#0 C:\xampp\htdocs\flatsome\wp-content\plugins\woo-product-bundle\includes\class-helper.php(27): round('', 0)
#1 C:\xampp\htdocs\flatsome\wp-content\plugins\woo-product-bundle\includes\class-woosb.php(2295): WPCleverWoosb_Helper::round_price('')
#2 C:\xampp\htdocs\flatsome\wp-content\plugins\woo-product-bundle\includes\class-woosb.php(1925): WPCleverWoosb->product_data_li(Object(WC_Product_External), Array, true)
#3 C:\xampp\htdocs\flatsome\wp-includes\class-wp-hook.php(324): WPCleverWoosb->ajax_get_search_results('')
#4 C:\xampp\htdocs\flatsome\wp-includes\class-wp-hook.php(348): WP_Hook->apply_filters('', Array)
#5 C:\xampp\htdocs\flatsome\wp-includes\plugin.php(517): WP_Hook->do_action(Array)
#6 C:\xampp\htdocs\flatsome\wp-admin\admin-ajax.php(188): do_action('wp_ajax_woosb_g...')
#7 {main}
  thrown in C:\xampp\htdocs\flatsome\wp-content\plugins\woo-product-bundle\includes\class-helper.php on line 27

2023-11-22T02:51:35+00:00 CRITICAL Uncaught TypeError: round(): Argument #1 ($num) must be of type int|float, string given in C:\xampp\htdocs\flatsome\wp-content\plugins\woo-product-bundle\includes\class-helper.php:27
Stack trace:
#0 C:\xampp\htdocs\flatsome\wp-content\plugins\woo-product-bundle\includes\class-helper.php(27): round('', 0)
#1 C:\xampp\htdocs\flatsome\wp-content\plugins\woo-product-bundle\includes\class-woosb.php(2295): WPCleverWoosb_Helper::round_price('')
#2 C:\xampp\htdocs\flatsome\wp-content\plugins\woo-product-bundle\includes\class-woosb.php(1925): WPCleverWoosb->product_data_li(Object(WC_Product_External), Array, true)
#3 C:\xampp\htdocs\flatsome\wp-includes\class-wp-hook.php(324): WPCleverWoosb->ajax_get_search_results('')
#4 C:\xampp\htdocs\flatsome\wp-includes\class-wp-hook.php(348): WP_Hook->apply_filters('', Array)
#5 C:\xampp\htdocs\flatsome\wp-includes\plugin.php(517): WP_Hook->do_action(Array)
#6 C:\xampp\htdocs\flatsome\wp-admin\admin-ajax.php(188): do_action('wp_ajax_woosb_g...')
#7 {main}
  thrown in C:\xampp\htdocs\flatsome\wp-content\plugins\woo-product-bundle\includes\class-helper.php on line 27

2023-11-22T02:51:38+00:00 CRITICAL Uncaught TypeError: round(): Argument #1 ($num) must be of type int|float, string given in C:\xampp\htdocs\flatsome\wp-content\plugins\woo-product-bundle\includes\class-helper.php:27
Stack trace:
#0 C:\xampp\htdocs\flatsome\wp-content\plugins\woo-product-bundle\includes\class-helper.php(27): round('', 0)
#1 C:\xampp\htdocs\flatsome\wp-content\plugins\woo-product-bundle\includes\class-woosb.php(2295): WPCleverWoosb_Helper::round_price('')
#2 C:\xampp\htdocs\flatsome\wp-content\plugins\woo-product-bundle\includes\class-woosb.php(1925): WPCleverWoosb->product_data_li(Object(WC_Product_External), Array, true)
#3 C:\xampp\htdocs\flatsome\wp-includes\class-wp-hook.php(324): WPCleverWoosb->ajax_get_search_results('')
#4 C:\xampp\htdocs\flatsome\wp-includes\class-wp-hook.php(348): WP_Hook->apply_filters('', Array)
#5 C:\xampp\htdocs\flatsome\wp-includes\plugin.php(517): WP_Hook->do_action(Array)
#6 C:\xampp\htdocs\flatsome\wp-admin\admin-ajax.php(188): do_action('wp_ajax_woosb_g...')
#7 {main}
  thrown in C:\xampp\htdocs\flatsome\wp-content\plugins\woo-product-bundle\includes\class-helper.php on line 27

2023-11-22T02:51:38+00:00 CRITICAL Uncaught TypeError: round(): Argument #1 ($num) must be of type int|float, string given in C:\xampp\htdocs\flatsome\wp-content\plugins\woo-product-bundle\includes\class-helper.php:27
Stack trace:
#0 C:\xampp\htdocs\flatsome\wp-content\plugins\woo-product-bundle\includes\class-helper.php(27): round('', 0)
#1 C:\xampp\htdocs\flatsome\wp-content\plugins\woo-product-bundle\includes\class-woosb.php(2295): WPCleverWoosb_Helper::round_price('')
#2 C:\xampp\htdocs\flatsome\wp-content\plugins\woo-product-bundle\includes\class-woosb.php(1925): WPCleverWoosb->product_data_li(Object(WC_Product_Simple), Array, true)
#3 C:\xampp\htdocs\flatsome\wp-includes\class-wp-hook.php(324): WPCleverWoosb->ajax_get_search_results('')
#4 C:\xampp\htdocs\flatsome\wp-includes\class-wp-hook.php(348): WP_Hook->apply_filters('', Array)
#5 C:\xampp\htdocs\flatsome\wp-includes\plugin.php(517): WP_Hook->do_action(Array)
#6 C:\xampp\htdocs\flatsome\wp-admin\admin-ajax.php(188): do_action('wp_ajax_woosb_g...')
#7 {main}
  thrown in C:\xampp\htdocs\flatsome\wp-content\plugins\woo-product-bundle\includes\class-helper.php on line 27

2023-11-22T02:52:05+00:00 CRITICAL Uncaught TypeError: round(): Argument #1 ($num) must be of type int|float, string given in C:\xampp\htdocs\flatsome\wp-content\plugins\woo-product-bundle\includes\class-helper.php:27
Stack trace:
#0 C:\xampp\htdocs\flatsome\wp-content\plugins\woo-product-bundle\includes\class-helper.php(27): round('', 0)
#1 C:\xampp\htdocs\flatsome\wp-content\plugins\woo-product-bundle\includes\class-woosb.php(2295): WPCleverWoosb_Helper::round_price('')
#2 C:\xampp\htdocs\flatsome\wp-content\plugins\woo-product-bundle\includes\class-woosb.php(1925): WPCleverWoosb->product_data_li(Object(WC_Product_External), Array, true)
#3 C:\xampp\htdocs\flatsome\wp-includes\class-wp-hook.php(324): WPCleverWoosb->ajax_get_search_results('')
#4 C:\xampp\htdocs\flatsome\wp-includes\class-wp-hook.php(348): WP_Hook->apply_filters('', Array)
#5 C:\xampp\htdocs\flatsome\wp-includes\plugin.php(517): WP_Hook->do_action(Array)
#6 C:\xampp\htdocs\flatsome\wp-admin\admin-ajax.php(188): do_action('wp_ajax_woosb_g...')
#7 {main}
  thrown in C:\xampp\htdocs\flatsome\wp-content\plugins\woo-product-bundle\includes\class-helper.php on line 27

2023-11-22T02:52:06+00:00 CRITICAL Uncaught TypeError: round(): Argument #1 ($num) must be of type int|float, string given in C:\xampp\htdocs\flatsome\wp-content\plugins\woo-product-bundle\includes\class-helper.php:27
Stack trace:
#0 C:\xampp\htdocs\flatsome\wp-content\plugins\woo-product-bundle\includes\class-helper.php(27): round('', 0)
#1 C:\xampp\htdocs\flatsome\wp-content\plugins\woo-product-bundle\includes\class-woosb.php(2295): WPCleverWoosb_Helper::round_price('')
#2 C:\xampp\htdocs\flatsome\wp-content\plugins\woo-product-bundle\includes\class-woosb.php(1925): WPCleverWoosb->product_data_li(Object(WC_Product_Simple), Array, true)
#3 C:\xampp\htdocs\flatsome\wp-includes\class-wp-hook.php(324): WPCleverWoosb->ajax_get_search_results('')
#4 C:\xampp\htdocs\flatsome\wp-includes\class-wp-hook.php(348): WP_Hook->apply_filters('', Array)
#5 C:\xampp\htdocs\flatsome\wp-includes\plugin.php(517): WP_Hook->do_action(Array)
#6 C:\xampp\htdocs\flatsome\wp-admin\admin-ajax.php(188): do_action('wp_ajax_woosb_g...')
#7 {main}
  thrown in C:\xampp\htdocs\flatsome\wp-content\plugins\woo-product-bundle\includes\class-helper.php on line 27

2023-11-22T02:52:08+00:00 CRITICAL Uncaught TypeError: round(): Argument #1 ($num) must be of type int|float, string given in C:\xampp\htdocs\flatsome\wp-content\plugins\woo-product-bundle\includes\class-helper.php:27
Stack trace:
#0 C:\xampp\htdocs\flatsome\wp-content\plugins\woo-product-bundle\includes\class-helper.php(27): round('', 0)
#1 C:\xampp\htdocs\flatsome\wp-content\plugins\woo-product-bundle\includes\class-woosb.php(2295): WPCleverWoosb_Helper::round_price('')
#2 C:\xampp\htdocs\flatsome\wp-content\plugins\woo-product-bundle\includes\class-woosb.php(1925): WPCleverWoosb->product_data_li(Object(WC_Product_Simple), Array, true)
#3 C:\xampp\htdocs\flatsome\wp-includes\class-wp-hook.php(324): WPCleverWoosb->ajax_get_search_results('')
#4 C:\xampp\htdocs\flatsome\wp-includes\class-wp-hook.php(348): WP_Hook->apply_filters('', Array)
#5 C:\xampp\htdocs\flatsome\wp-includes\plugin.php(517): WP_Hook->do_action(Array)
#6 C:\xampp\htdocs\flatsome\wp-admin\admin-ajax.php(188): do_action('wp_ajax_woosb_g...')
#7 {main}
  thrown in C:\xampp\htdocs\flatsome\wp-content\plugins\woo-product-bundle\includes\class-helper.php on line 27

2023-11-22T02:52:18+00:00 CRITICAL Uncaught TypeError: round(): Argument #1 ($num) must be of type int|float, string given in C:\xampp\htdocs\flatsome\wp-content\plugins\woo-product-bundle\includes\class-helper.php:27
Stack trace:
#0 C:\xampp\htdocs\flatsome\wp-content\plugins\woo-product-bundle\includes\class-helper.php(27): round('', 0)
#1 C:\xampp\htdocs\flatsome\wp-content\plugins\woo-product-bundle\includes\class-woosb.php(2295): WPCleverWoosb_Helper::round_price('')
#2 C:\xampp\htdocs\flatsome\wp-content\plugins\woo-product-bundle\includes\class-woosb.php(1925): WPCleverWoosb->product_data_li(Object(WC_Product_Simple), Array, true)
#3 C:\xampp\htdocs\flatsome\wp-includes\class-wp-hook.php(324): WPCleverWoosb->ajax_get_search_results('')
#4 C:\xampp\htdocs\flatsome\wp-includes\class-wp-hook.php(348): WP_Hook->apply_filters('', Array)
#5 C:\xampp\htdocs\flatsome\wp-includes\plugin.php(517): WP_Hook->do_action(Array)
#6 C:\xampp\htdocs\flatsome\wp-admin\admin-ajax.php(188): do_action('wp_ajax_woosb_g...')
#7 {main}
  thrown in C:\xampp\htdocs\flatsome\wp-content\plugins\woo-product-bundle\includes\class-helper.php on line 27

2023-11-22T02:52:19+00:00 CRITICAL Uncaught TypeError: round(): Argument #1 ($num) must be of type int|float, string given in C:\xampp\htdocs\flatsome\wp-content\plugins\woo-product-bundle\includes\class-helper.php:27
Stack trace:
#0 C:\xampp\htdocs\flatsome\wp-content\plugins\woo-product-bundle\includes\class-helper.php(27): round('', 0)
#1 C:\xampp\htdocs\flatsome\wp-content\plugins\woo-product-bundle\includes\class-woosb.php(2295): WPCleverWoosb_Helper::round_price('')
#2 C:\xampp\htdocs\flatsome\wp-content\plugins\woo-product-bundle\includes\class-woosb.php(1925): WPCleverWoosb->product_data_li(Object(WC_Product_Simple), Array, true)
#3 C:\xampp\htdocs\flatsome\wp-includes\class-wp-hook.php(324): WPCleverWoosb->ajax_get_search_results('')
#4 C:\xampp\htdocs\flatsome\wp-includes\class-wp-hook.php(348): WP_Hook->apply_filters('', Array)
#5 C:\xampp\htdocs\flatsome\wp-includes\plugin.php(517): WP_Hook->do_action(Array)
#6 C:\xampp\htdocs\flatsome\wp-admin\admin-ajax.php(188): do_action('wp_ajax_woosb_g...')
#7 {main}
  thrown in C:\xampp\htdocs\flatsome\wp-content\plugins\woo-product-bundle\includes\class-helper.php on line 27

2023-11-22T02:52:21+00:00 CRITICAL Uncaught TypeError: round(): Argument #1 ($num) must be of type int|float, string given in C:\xampp\htdocs\flatsome\wp-content\plugins\woo-product-bundle\includes\class-helper.php:27
Stack trace:
#0 C:\xampp\htdocs\flatsome\wp-content\plugins\woo-product-bundle\includes\class-helper.php(27): round('', 0)
#1 C:\xampp\htdocs\flatsome\wp-content\plugins\woo-product-bundle\includes\class-woosb.php(2295): WPCleverWoosb_Helper::round_price('')
#2 C:\xampp\htdocs\flatsome\wp-content\plugins\woo-product-bundle\includes\class-woosb.php(1925): WPCleverWoosb->product_data_li(Object(WC_Product_Simple), Array, true)
#3 C:\xampp\htdocs\flatsome\wp-includes\class-wp-hook.php(324): WPCleverWoosb->ajax_get_search_results('')
#4 C:\xampp\htdocs\flatsome\wp-includes\class-wp-hook.php(348): WP_Hook->apply_filters('', Array)
#5 C:\xampp\htdocs\flatsome\wp-includes\plugin.php(517): WP_Hook->do_action(Array)
#6 C:\xampp\htdocs\flatsome\wp-admin\admin-ajax.php(188): do_action('wp_ajax_woosb_g...')
#7 {main}
  thrown in C:\xampp\htdocs\flatsome\wp-content\plugins\woo-product-bundle\includes\class-helper.php on line 27

2023-11-22T02:52:26+00:00 CRITICAL Uncaught TypeError: round(): Argument #1 ($num) must be of type int|float, string given in C:\xampp\htdocs\flatsome\wp-content\plugins\woo-product-bundle\includes\class-helper.php:27
Stack trace:
#0 C:\xampp\htdocs\flatsome\wp-content\plugins\woo-product-bundle\includes\class-helper.php(27): round('', 0)
#1 C:\xampp\htdocs\flatsome\wp-content\plugins\woo-product-bundle\includes\class-woosb.php(2295): WPCleverWoosb_Helper::round_price('')
#2 C:\xampp\htdocs\flatsome\wp-content\plugins\woo-product-bundle\includes\class-woosb.php(1925): WPCleverWoosb->product_data_li(Object(WC_Product_External), Array, true)
#3 C:\xampp\htdocs\flatsome\wp-includes\class-wp-hook.php(324): WPCleverWoosb->ajax_get_search_results('')
#4 C:\xampp\htdocs\flatsome\wp-includes\class-wp-hook.php(348): WP_Hook->apply_filters('', Array)
#5 C:\xampp\htdocs\flatsome\wp-includes\plugin.php(517): WP_Hook->do_action(Array)
#6 C:\xampp\htdocs\flatsome\wp-admin\admin-ajax.php(188): do_action('wp_ajax_woosb_g...')
#7 {main}
  thrown in C:\xampp\htdocs\flatsome\wp-content\plugins\woo-product-bundle\includes\class-helper.php on line 27

2023-11-22T02:52:55+00:00 CRITICAL Uncaught TypeError: round(): Argument #1 ($num) must be of type int|float, string given in C:\xampp\htdocs\flatsome\wp-content\plugins\woo-product-bundle\includes\class-helper.php:27
Stack trace:
#0 C:\xampp\htdocs\flatsome\wp-content\plugins\woo-product-bundle\includes\class-helper.php(27): round('', 0)
#1 C:\xampp\htdocs\flatsome\wp-content\plugins\woo-product-bundle\includes\class-woosb.php(2295): WPCleverWoosb_Helper::round_price('')
#2 C:\xampp\htdocs\flatsome\wp-content\plugins\woo-product-bundle\includes\class-woosb.php(1925): WPCleverWoosb->product_data_li(Object(WC_Product_Simple), Array, true)
#3 C:\xampp\htdocs\flatsome\wp-includes\class-wp-hook.php(324): WPCleverWoosb->ajax_get_search_results('')
#4 C:\xampp\htdocs\flatsome\wp-includes\class-wp-hook.php(348): WP_Hook->apply_filters('', Array)
#5 C:\xampp\htdocs\flatsome\wp-includes\plugin.php(517): WP_Hook->do_action(Array)
#6 C:\xampp\htdocs\flatsome\wp-admin\admin-ajax.php(188): do_action('wp_ajax_woosb_g...')
#7 {main}
  thrown in C:\xampp\htdocs\flatsome\wp-content\plugins\woo-product-bundle\includes\class-helper.php on line 27

2023-11-22T02:52:56+00:00 CRITICAL Uncaught TypeError: round(): Argument #1 ($num) must be of type int|float, string given in C:\xampp\htdocs\flatsome\wp-content\plugins\woo-product-bundle\includes\class-helper.php:27
Stack trace:
#0 C:\xampp\htdocs\flatsome\wp-content\plugins\woo-product-bundle\includes\class-helper.php(27): round('', 0)
#1 C:\xampp\htdocs\flatsome\wp-content\plugins\woo-product-bundle\includes\class-woosb.php(2295): WPCleverWoosb_Helper::round_price('')
#2 C:\xampp\htdocs\flatsome\wp-content\plugins\woo-product-bundle\includes\class-woosb.php(1925): WPCleverWoosb->product_data_li(Object(WC_Product_Simple), Array, true)
#3 C:\xampp\htdocs\flatsome\wp-includes\class-wp-hook.php(324): WPCleverWoosb->ajax_get_search_results('')
#4 C:\xampp\htdocs\flatsome\wp-includes\class-wp-hook.php(348): WP_Hook->apply_filters('', Array)
#5 C:\xampp\htdocs\flatsome\wp-includes\plugin.php(517): WP_Hook->do_action(Array)
#6 C:\xampp\htdocs\flatsome\wp-admin\admin-ajax.php(188): do_action('wp_ajax_woosb_g...')
#7 {main}
  thrown in C:\xampp\htdocs\flatsome\wp-content\plugins\woo-product-bundle\includes\class-helper.php on line 27

2023-11-22T02:53:00+00:00 CRITICAL Uncaught TypeError: round(): Argument #1 ($num) must be of type int|float, string given in C:\xampp\htdocs\flatsome\wp-content\plugins\woo-product-bundle\includes\class-helper.php:27
Stack trace:
#0 C:\xampp\htdocs\flatsome\wp-content\plugins\woo-product-bundle\includes\class-helper.php(27): round('', 0)
#1 C:\xampp\htdocs\flatsome\wp-content\plugins\woo-product-bundle\includes\class-woosb.php(2295): WPCleverWoosb_Helper::round_price('')
#2 C:\xampp\htdocs\flatsome\wp-content\plugins\woo-product-bundle\includes\class-woosb.php(1925): WPCleverWoosb->product_data_li(Object(WC_Product_External), Array, true)
#3 C:\xampp\htdocs\flatsome\wp-includes\class-wp-hook.php(324): WPCleverWoosb->ajax_get_search_results('')
#4 C:\xampp\htdocs\flatsome\wp-includes\class-wp-hook.php(348): WP_Hook->apply_filters('', Array)
#5 C:\xampp\htdocs\flatsome\wp-includes\plugin.php(517): WP_Hook->do_action(Array)
#6 C:\xampp\htdocs\flatsome\wp-admin\admin-ajax.php(188): do_action('wp_ajax_woosb_g...')
#7 {main}
  thrown in C:\xampp\htdocs\flatsome\wp-content\plugins\woo-product-bundle\includes\class-helper.php on line 27

2023-11-22T02:53:01+00:00 CRITICAL Uncaught TypeError: round(): Argument #1 ($num) must be of type int|float, string given in C:\xampp\htdocs\flatsome\wp-content\plugins\woo-product-bundle\includes\class-helper.php:27
Stack trace:
#0 C:\xampp\htdocs\flatsome\wp-content\plugins\woo-product-bundle\includes\class-helper.php(27): round('', 0)
#1 C:\xampp\htdocs\flatsome\wp-content\plugins\woo-product-bundle\includes\class-woosb.php(2295): WPCleverWoosb_Helper::round_price('')
#2 C:\xampp\htdocs\flatsome\wp-content\plugins\woo-product-bundle\includes\class-woosb.php(1925): WPCleverWoosb->product_data_li(Object(WC_Product_Simple), Array, true)
#3 C:\xampp\htdocs\flatsome\wp-includes\class-wp-hook.php(324): WPCleverWoosb->ajax_get_search_results('')
#4 C:\xampp\htdocs\flatsome\wp-includes\class-wp-hook.php(348): WP_Hook->apply_filters('', Array)
#5 C:\xampp\htdocs\flatsome\wp-includes\plugin.php(517): WP_Hook->do_action(Array)
#6 C:\xampp\htdocs\flatsome\wp-admin\admin-ajax.php(188): do_action('wp_ajax_woosb_g...')
#7 {main}
  thrown in C:\xampp\htdocs\flatsome\wp-content\plugins\woo-product-bundle\includes\class-helper.php on line 27

2023-11-22T02:53:15+00:00 CRITICAL Uncaught TypeError: round(): Argument #1 ($num) must be of type int|float, string given in C:\xampp\htdocs\flatsome\wp-content\plugins\woo-product-bundle\includes\class-helper.php:27
Stack trace:
#0 C:\xampp\htdocs\flatsome\wp-content\plugins\woo-product-bundle\includes\class-helper.php(27): round('', 0)
#1 C:\xampp\htdocs\flatsome\wp-content\plugins\woo-product-bundle\includes\class-woosb.php(2295): WPCleverWoosb_Helper::round_price('')
#2 C:\xampp\htdocs\flatsome\wp-content\plugins\woo-product-bundle\includes\class-woosb.php(1925): WPCleverWoosb->product_data_li(Object(WC_Product_Simple), Array, true)
#3 C:\xampp\htdocs\flatsome\wp-includes\class-wp-hook.php(324): WPCleverWoosb->ajax_get_search_results('')
#4 C:\xampp\htdocs\flatsome\wp-includes\class-wp-hook.php(348): WP_Hook->apply_filters('', Array)
#5 C:\xampp\htdocs\flatsome\wp-includes\plugin.php(517): WP_Hook->do_action(Array)
#6 C:\xampp\htdocs\flatsome\wp-admin\admin-ajax.php(188): do_action('wp_ajax_woosb_g...')
#7 {main}
  thrown in C:\xampp\htdocs\flatsome\wp-content\plugins\woo-product-bundle\includes\class-helper.php on line 27

2023-11-22T02:53:29+00:00 CRITICAL Uncaught TypeError: round(): Argument #1 ($num) must be of type int|float, string given in C:\xampp\htdocs\flatsome\wp-content\plugins\woo-product-bundle\includes\class-helper.php:27
Stack trace:
#0 C:\xampp\htdocs\flatsome\wp-content\plugins\woo-product-bundle\includes\class-helper.php(27): round('', 0)
#1 C:\xampp\htdocs\flatsome\wp-content\plugins\woo-product-bundle\includes\class-woosb.php(2295): WPCleverWoosb_Helper::round_price('')
#2 C:\xampp\htdocs\flatsome\wp-content\plugins\woo-product-bundle\includes\class-woosb.php(1925): WPCleverWoosb->product_data_li(Object(WC_Product_Simple), Array, true)
#3 C:\xampp\htdocs\flatsome\wp-includes\class-wp-hook.php(324): WPCleverWoosb->ajax_get_search_results('')
#4 C:\xampp\htdocs\flatsome\wp-includes\class-wp-hook.php(348): WP_Hook->apply_filters('', Array)
#5 C:\xampp\htdocs\flatsome\wp-includes\plugin.php(517): WP_Hook->do_action(Array)
#6 C:\xampp\htdocs\flatsome\wp-admin\admin-ajax.php(188): do_action('wp_ajax_woosb_g...')
#7 {main}
  thrown in C:\xampp\htdocs\flatsome\wp-content\plugins\woo-product-bundle\includes\class-helper.php on line 27

2023-11-22T02:53:37+00:00 CRITICAL Uncaught TypeError: round(): Argument #1 ($num) must be of type int|float, string given in C:\xampp\htdocs\flatsome\wp-content\plugins\woo-product-bundle\includes\class-helper.php:27
Stack trace:
#0 C:\xampp\htdocs\flatsome\wp-content\plugins\woo-product-bundle\includes\class-helper.php(27): round('', 0)
#1 C:\xampp\htdocs\flatsome\wp-content\plugins\woo-product-bundle\includes\class-woosb.php(2295): WPCleverWoosb_Helper::round_price('')
#2 C:\xampp\htdocs\flatsome\wp-content\plugins\woo-product-bundle\includes\class-woosb.php(1925): WPCleverWoosb->product_data_li(Object(WC_Product_External), Array, true)
#3 C:\xampp\htdocs\flatsome\wp-includes\class-wp-hook.php(324): WPCleverWoosb->ajax_get_search_results('')
#4 C:\xampp\htdocs\flatsome\wp-includes\class-wp-hook.php(348): WP_Hook->apply_filters('', Array)
#5 C:\xampp\htdocs\flatsome\wp-includes\plugin.php(517): WP_Hook->do_action(Array)
#6 C:\xampp\htdocs\flatsome\wp-admin\admin-ajax.php(188): do_action('wp_ajax_woosb_g...')
#7 {main}
  thrown in C:\xampp\htdocs\flatsome\wp-content\plugins\woo-product-bundle\includes\class-helper.php on line 27

2023-11-22T07:29:57+00:00 CRITICAL Uncaught TypeError: round(): Argument #1 ($num) must be of type int|float, string given in C:\xampp\htdocs\flatsome\wp-content\plugins\woo-product-bundle\includes\class-helper.php:27
Stack trace:
#0 C:\xampp\htdocs\flatsome\wp-content\plugins\woo-product-bundle\includes\class-helper.php(27): round('', 0)
#1 C:\xampp\htdocs\flatsome\wp-content\plugins\woo-product-bundle\includes\class-woosb.php(2295): WPCleverWoosb_Helper::round_price('')
#2 C:\xampp\htdocs\flatsome\wp-content\plugins\woo-product-bundle\includes\class-woosb.php(1925): WPCleverWoosb->product_data_li(Object(WC_Product_Simple), Array, true)
#3 C:\xampp\htdocs\flatsome\wp-includes\class-wp-hook.php(324): WPCleverWoosb->ajax_get_search_results('')
#4 C:\xampp\htdocs\flatsome\wp-includes\class-wp-hook.php(348): WP_Hook->apply_filters('', Array)
#5 C:\xampp\htdocs\flatsome\wp-includes\plugin.php(517): WP_Hook->do_action(Array)
#6 C:\xampp\htdocs\flatsome\wp-admin\admin-ajax.php(188): do_action('wp_ajax_woosb_g...')
#7 {main}
  thrown in C:\xampp\htdocs\flatsome\wp-content\plugins\woo-product-bundle\includes\class-helper.php on line 27

2023-11-22T07:30:02+00:00 CRITICAL Uncaught TypeError: round(): Argument #1 ($num) must be of type int|float, string given in C:\xampp\htdocs\flatsome\wp-content\plugins\woo-product-bundle\includes\class-helper.php:27
Stack trace:
#0 C:\xampp\htdocs\flatsome\wp-content\plugins\woo-product-bundle\includes\class-helper.php(27): round('', 0)
#1 C:\xampp\htdocs\flatsome\wp-content\plugins\woo-product-bundle\includes\class-woosb.php(2295): WPCleverWoosb_Helper::round_price('')
#2 C:\xampp\htdocs\flatsome\wp-content\plugins\woo-product-bundle\includes\class-woosb.php(1925): WPCleverWoosb->product_data_li(Object(WC_Product_Simple), Array, true)
#3 C:\xampp\htdocs\flatsome\wp-includes\class-wp-hook.php(324): WPCleverWoosb->ajax_get_search_results('')
#4 C:\xampp\htdocs\flatsome\wp-includes\class-wp-hook.php(348): WP_Hook->apply_filters('', Array)
#5 C:\xampp\htdocs\flatsome\wp-includes\plugin.php(517): WP_Hook->do_action(Array)
#6 C:\xampp\htdocs\flatsome\wp-admin\admin-ajax.php(188): do_action('wp_ajax_woosb_g...')
#7 {main}
  thrown in C:\xampp\htdocs\flatsome\wp-content\plugins\woo-product-bundle\includes\class-helper.php on line 27

2023-11-22T07:30:07+00:00 CRITICAL Uncaught TypeError: round(): Argument #1 ($num) must be of type int|float, string given in C:\xampp\htdocs\flatsome\wp-content\plugins\woo-product-bundle\includes\class-helper.php:27
Stack trace:
#0 C:\xampp\htdocs\flatsome\wp-content\plugins\woo-product-bundle\includes\class-helper.php(27): round('', 0)
#1 C:\xampp\htdocs\flatsome\wp-content\plugins\woo-product-bundle\includes\class-woosb.php(2295): WPCleverWoosb_Helper::round_price('')
#2 C:\xampp\htdocs\flatsome\wp-content\plugins\woo-product-bundle\includes\class-woosb.php(1925): WPCleverWoosb->product_data_li(Object(WC_Product_Simple), Array, true)
#3 C:\xampp\htdocs\flatsome\wp-includes\class-wp-hook.php(324): WPCleverWoosb->ajax_get_search_results('')
#4 C:\xampp\htdocs\flatsome\wp-includes\class-wp-hook.php(348): WP_Hook->apply_filters('', Array)
#5 C:\xampp\htdocs\flatsome\wp-includes\plugin.php(517): WP_Hook->do_action(Array)
#6 C:\xampp\htdocs\flatsome\wp-admin\admin-ajax.php(188): do_action('wp_ajax_woosb_g...')
#7 {main}
  thrown in C:\xampp\htdocs\flatsome\wp-content\plugins\woo-product-bundle\includes\class-helper.php on line 27

2023-11-22T07:30:11+00:00 CRITICAL Uncaught TypeError: round(): Argument #1 ($num) must be of type int|float, string given in C:\xampp\htdocs\flatsome\wp-content\plugins\woo-product-bundle\includes\class-helper.php:27
Stack trace:
#0 C:\xampp\htdocs\flatsome\wp-content\plugins\woo-product-bundle\includes\class-helper.php(27): round('', 0)
#1 C:\xampp\htdocs\flatsome\wp-content\plugins\woo-product-bundle\includes\class-woosb.php(2295): WPCleverWoosb_Helper::round_price('')
#2 C:\xampp\htdocs\flatsome\wp-content\plugins\woo-product-bundle\includes\class-woosb.php(1925): WPCleverWoosb->product_data_li(Object(WC_Product_Simple), Array, true)
#3 C:\xampp\htdocs\flatsome\wp-includes\class-wp-hook.php(324): WPCleverWoosb->ajax_get_search_results('')
#4 C:\xampp\htdocs\flatsome\wp-includes\class-wp-hook.php(348): WP_Hook->apply_filters('', Array)
#5 C:\xampp\htdocs\flatsome\wp-includes\plugin.php(517): WP_Hook->do_action(Array)
#6 C:\xampp\htdocs\flatsome\wp-admin\admin-ajax.php(188): do_action('wp_ajax_woosb_g...')
#7 {main}
  thrown in C:\xampp\htdocs\flatsome\wp-content\plugins\woo-product-bundle\includes\class-helper.php on line 27

