2023-11-28T01:14:58+00:00 CRITICAL Uncaught Error: Call to a member function get_attributes() on null in C:\xampp\htdocs\flatsome\wp-content\plugins\code-snippets\php\snippet-ops.php(582) : eval()'d code:4
Stack trace:
#0 C:\xampp\htdocs\flatsome\wp-content\plugins\code-snippets\php\snippet-ops.php(582): eval()
#1 C:\xampp\htdocs\flatsome\wp-content\plugins\code-snippets\php\snippet-ops.php(470): Code_Snippets\execute_snippet('\necho '<div cla...', 0, true)
#2 C:\xampp\htdocs\flatsome\wp-content\plugins\code-snippets\php\snippet-ops.php(510): Code_Snippets\test_snippet_code(Object(Code_Snippets\Snippet))
#3 C:\xampp\htdocs\flatsome\wp-content\plugins\code-snippets\php\rest-api\class-snippets-rest-controller.php(239): Code_Snippets\save_snippet(Object(Code_Snippets\Snippet))
#4 C:\xampp\htdocs\flatsome\wp-includes\rest-api\class-wp-rest-server.php(1193): Code_Snippets\REST_API\Snippets_REST_Controller->create_item(Object(WP_REST_Request))
#5 C:\xampp\htdocs\flatsome\wp-includes\rest-api\class-wp-rest-server.php(1041): WP_REST_Server->respond_to_request(Object(WP_REST_Request), '/code-snippets/...', Array, NULL)
#6 C:\xampp\htdocs\flatsome\wp-includes\rest-api\class-wp-rest-server.php(431): WP_REST_Server->dispatch(Object(WP_REST_Request))
#7 C:\xampp\htdocs\flatsome\wp-includes\rest-api.php(424): WP_REST_Server->serve_request('/code-snippets/...')
#8 C:\xampp\htdocs\flatsome\wp-includes\class-wp-hook.php(324): rest_api_loaded(Object(WP))
#9 C:\xampp\htdocs\flatsome\wp-includes\class-wp-hook.php(348): WP_Hook->apply_filters(NULL, Array)
#10 C:\xampp\htdocs\flatsome\wp-includes\plugin.php(565): WP_Hook->do_action(Array)
#11 C:\xampp\htdocs\flatsome\wp-includes\class-wp.php(418): do_action_ref_array('parse_request', Array)
#12 C:\xampp\htdocs\flatsome\wp-includes\class-wp.php(813): WP->parse_request('')
#13 C:\xampp\htdocs\flatsome\wp-includes\functions.php(1336): WP->main('')
#14 C:\xampp\htdocs\flatsome\wp-blog-header.php(16): wp()
#15 C:\xampp\htdocs\flatsome\index.php(17): require('C:\\xampp\\htdocs...')
#16 {main}
  thrown in C:\xampp\htdocs\flatsome\wp-content\plugins\code-snippets\php\snippet-ops.php(582) : eval()'d code on line 4

2023-11-28T01:15:52+00:00 CRITICAL Uncaught Error: Call to a member function get_attributes() on null in C:\xampp\htdocs\flatsome\wp-content\plugins\code-snippets\php\snippet-ops.php(582) : eval()'d code:4
Stack trace:
#0 C:\xampp\htdocs\flatsome\wp-content\plugins\code-snippets\php\snippet-ops.php(582): eval()
#1 C:\xampp\htdocs\flatsome\wp-content\plugins\code-snippets\php\snippet-ops.php(663): Code_Snippets\execute_snippet('\necho '<div cla...', 5)
#2 C:\xampp\htdocs\flatsome\wp-includes\class-wp-hook.php(324): Code_Snippets\execute_active_snippets('')
#3 C:\xampp\htdocs\flatsome\wp-includes\class-wp-hook.php(348): WP_Hook->apply_filters(NULL, Array)
#4 C:\xampp\htdocs\flatsome\wp-includes\plugin.php(517): WP_Hook->do_action(Array)
#5 C:\xampp\htdocs\flatsome\wp-settings.php(506): do_action('plugins_loaded')
#6 C:\xampp\htdocs\flatsome\wp-config.php(96): require_once('C:\\xampp\\htdocs...')
#7 C:\xampp\htdocs\flatsome\wp-load.php(50): require_once('C:\\xampp\\htdocs...')
#8 C:\xampp\htdocs\flatsome\wp-admin\admin-ajax.php(22): require_once('C:\\xampp\\htdocs...')
#9 {main}
  thrown in C:\xampp\htdocs\flatsome\wp-content\plugins\code-snippets\php\snippet-ops.php(582) : eval()'d code on line 4

2023-11-28T01:16:02+00:00 CRITICAL Uncaught Error: Call to a member function get_attributes() on null in C:\xampp\htdocs\flatsome\wp-content\plugins\code-snippets\php\snippet-ops.php(582) : eval()'d code:4
Stack trace:
#0 C:\xampp\htdocs\flatsome\wp-content\plugins\code-snippets\php\snippet-ops.php(582): eval()
#1 C:\xampp\htdocs\flatsome\wp-content\plugins\code-snippets\php\snippet-ops.php(663): Code_Snippets\execute_snippet('\necho '<div cla...', 5)
#2 C:\xampp\htdocs\flatsome\wp-includes\class-wp-hook.php(324): Code_Snippets\execute_active_snippets('')
#3 C:\xampp\htdocs\flatsome\wp-includes\class-wp-hook.php(348): WP_Hook->apply_filters(NULL, Array)
#4 C:\xampp\htdocs\flatsome\wp-includes\plugin.php(517): WP_Hook->do_action(Array)
#5 C:\xampp\htdocs\flatsome\wp-settings.php(506): do_action('plugins_loaded')
#6 C:\xampp\htdocs\flatsome\wp-config.php(96): require_once('C:\\xampp\\htdocs...')
#7 C:\xampp\htdocs\flatsome\wp-load.php(50): require_once('C:\\xampp\\htdocs...')
#8 C:\xampp\htdocs\flatsome\wp-admin\admin.php(34): require_once('C:\\xampp\\htdocs...')
#9 C:\xampp\htdocs\flatsome\wp-admin\plugins.php(10): require_once('C:\\xampp\\htdocs...')
#10 {main}
  thrown in C:\xampp\htdocs\flatsome\wp-content\plugins\code-snippets\php\snippet-ops.php(582) : eval()'d code on line 4

2023-11-28T01:16:06+00:00 CRITICAL Uncaught Error: Call to a member function get_attributes() on null in C:\xampp\htdocs\flatsome\wp-content\plugins\code-snippets\php\snippet-ops.php(582) : eval()'d code:4
Stack trace:
#0 C:\xampp\htdocs\flatsome\wp-content\plugins\code-snippets\php\snippet-ops.php(582): eval()
#1 C:\xampp\htdocs\flatsome\wp-content\plugins\code-snippets\php\snippet-ops.php(663): Code_Snippets\execute_snippet('\necho '<div cla...', 5)
#2 C:\xampp\htdocs\flatsome\wp-includes\class-wp-hook.php(324): Code_Snippets\execute_active_snippets('')
#3 C:\xampp\htdocs\flatsome\wp-includes\class-wp-hook.php(348): WP_Hook->apply_filters(NULL, Array)
#4 C:\xampp\htdocs\flatsome\wp-includes\plugin.php(517): WP_Hook->do_action(Array)
#5 C:\xampp\htdocs\flatsome\wp-settings.php(506): do_action('plugins_loaded')
#6 C:\xampp\htdocs\flatsome\wp-config.php(96): require_once('C:\\xampp\\htdocs...')
#7 C:\xampp\htdocs\flatsome\wp-load.php(50): require_once('C:\\xampp\\htdocs...')
#8 C:\xampp\htdocs\flatsome\wp-admin\admin.php(34): require_once('C:\\xampp\\htdocs...')
#9 {main}
  thrown in C:\xampp\htdocs\flatsome\wp-content\plugins\code-snippets\php\snippet-ops.php(582) : eval()'d code on line 4

2023-11-28T01:16:12+00:00 CRITICAL Uncaught Error: Call to a member function get_attributes() on null in C:\xampp\htdocs\flatsome\wp-content\plugins\code-snippets\php\snippet-ops.php(582) : eval()'d code:4
Stack trace:
#0 C:\xampp\htdocs\flatsome\wp-content\plugins\code-snippets\php\snippet-ops.php(582): eval()
#1 C:\xampp\htdocs\flatsome\wp-content\plugins\code-snippets\php\snippet-ops.php(663): Code_Snippets\execute_snippet('\necho '<div cla...', 5)
#2 C:\xampp\htdocs\flatsome\wp-includes\class-wp-hook.php(324): Code_Snippets\execute_active_snippets('')
#3 C:\xampp\htdocs\flatsome\wp-includes\class-wp-hook.php(348): WP_Hook->apply_filters(NULL, Array)
#4 C:\xampp\htdocs\flatsome\wp-includes\plugin.php(517): WP_Hook->do_action(Array)
#5 C:\xampp\htdocs\flatsome\wp-settings.php(506): do_action('plugins_loaded')
#6 C:\xampp\htdocs\flatsome\wp-config.php(96): require_once('C:\\xampp\\htdocs...')
#7 C:\xampp\htdocs\flatsome\wp-load.php(50): require_once('C:\\xampp\\htdocs...')
#8 C:\xampp\htdocs\flatsome\wp-admin\admin.php(34): require_once('C:\\xampp\\htdocs...')
#9 {main}
  thrown in C:\xampp\htdocs\flatsome\wp-content\plugins\code-snippets\php\snippet-ops.php(582) : eval()'d code on line 4

2023-11-28T01:16:17+00:00 CRITICAL Uncaught Error: Call to a member function get_attributes() on null in C:\xampp\htdocs\flatsome\wp-content\plugins\code-snippets\php\snippet-ops.php(582) : eval()'d code:4
Stack trace:
#0 C:\xampp\htdocs\flatsome\wp-content\plugins\code-snippets\php\snippet-ops.php(582): eval()
#1 C:\xampp\htdocs\flatsome\wp-content\plugins\code-snippets\php\snippet-ops.php(663): Code_Snippets\execute_snippet('\necho '<div cla...', 5)
#2 C:\xampp\htdocs\flatsome\wp-includes\class-wp-hook.php(324): Code_Snippets\execute_active_snippets('')
#3 C:\xampp\htdocs\flatsome\wp-includes\class-wp-hook.php(348): WP_Hook->apply_filters(NULL, Array)
#4 C:\xampp\htdocs\flatsome\wp-includes\plugin.php(517): WP_Hook->do_action(Array)
#5 C:\xampp\htdocs\flatsome\wp-settings.php(506): do_action('plugins_loaded')
#6 C:\xampp\htdocs\flatsome\wp-config.php(96): require_once('C:\\xampp\\htdocs...')
#7 C:\xampp\htdocs\flatsome\wp-load.php(50): require_once('C:\\xampp\\htdocs...')
#8 C:\xampp\htdocs\flatsome\wp-admin\admin.php(34): require_once('C:\\xampp\\htdocs...')
#9 {main}
  thrown in C:\xampp\htdocs\flatsome\wp-content\plugins\code-snippets\php\snippet-ops.php(582) : eval()'d code on line 4

2023-11-28T01:16:18+00:00 CRITICAL Uncaught Error: Call to a member function get_attributes() on null in C:\xampp\htdocs\flatsome\wp-content\plugins\code-snippets\php\snippet-ops.php(582) : eval()'d code:4
Stack trace:
#0 C:\xampp\htdocs\flatsome\wp-content\plugins\code-snippets\php\snippet-ops.php(582): eval()
#1 C:\xampp\htdocs\flatsome\wp-content\plugins\code-snippets\php\snippet-ops.php(663): Code_Snippets\execute_snippet('\necho '<div cla...', 5)
#2 C:\xampp\htdocs\flatsome\wp-includes\class-wp-hook.php(324): Code_Snippets\execute_active_snippets('')
#3 C:\xampp\htdocs\flatsome\wp-includes\class-wp-hook.php(348): WP_Hook->apply_filters(NULL, Array)
#4 C:\xampp\htdocs\flatsome\wp-includes\plugin.php(517): WP_Hook->do_action(Array)
#5 C:\xampp\htdocs\flatsome\wp-settings.php(506): do_action('plugins_loaded')
#6 C:\xampp\htdocs\flatsome\wp-config.php(96): require_once('C:\\xampp\\htdocs...')
#7 C:\xampp\htdocs\flatsome\wp-load.php(50): require_once('C:\\xampp\\htdocs...')
#8 C:\xampp\htdocs\flatsome\wp-blog-header.php(13): require_once('C:\\xampp\\htdocs...')
#9 C:\xampp\htdocs\flatsome\index.php(17): require('C:\\xampp\\htdocs...')
#10 {main}
  thrown in C:\xampp\htdocs\flatsome\wp-content\plugins\code-snippets\php\snippet-ops.php(582) : eval()'d code on line 4

2023-11-28T01:16:19+00:00 CRITICAL Uncaught Error: Call to a member function get_attributes() on null in C:\xampp\htdocs\flatsome\wp-content\plugins\code-snippets\php\snippet-ops.php(582) : eval()'d code:4
Stack trace:
#0 C:\xampp\htdocs\flatsome\wp-content\plugins\code-snippets\php\snippet-ops.php(582): eval()
#1 C:\xampp\htdocs\flatsome\wp-content\plugins\code-snippets\php\snippet-ops.php(663): Code_Snippets\execute_snippet('\necho '<div cla...', 5)
#2 C:\xampp\htdocs\flatsome\wp-includes\class-wp-hook.php(324): Code_Snippets\execute_active_snippets('')
#3 C:\xampp\htdocs\flatsome\wp-includes\class-wp-hook.php(348): WP_Hook->apply_filters(NULL, Array)
#4 C:\xampp\htdocs\flatsome\wp-includes\plugin.php(517): WP_Hook->do_action(Array)
#5 C:\xampp\htdocs\flatsome\wp-settings.php(506): do_action('plugins_loaded')
#6 C:\xampp\htdocs\flatsome\wp-config.php(96): require_once('C:\\xampp\\htdocs...')
#7 C:\xampp\htdocs\flatsome\wp-load.php(50): require_once('C:\\xampp\\htdocs...')
#8 C:\xampp\htdocs\flatsome\wp-admin\admin.php(34): require_once('C:\\xampp\\htdocs...')
#9 {main}
  thrown in C:\xampp\htdocs\flatsome\wp-content\plugins\code-snippets\php\snippet-ops.php(582) : eval()'d code on line 4

2023-11-28T01:16:20+00:00 CRITICAL Uncaught Error: Call to a member function get_attributes() on null in C:\xampp\htdocs\flatsome\wp-content\plugins\code-snippets\php\snippet-ops.php(582) : eval()'d code:4
Stack trace:
#0 C:\xampp\htdocs\flatsome\wp-content\plugins\code-snippets\php\snippet-ops.php(582): eval()
#1 C:\xampp\htdocs\flatsome\wp-content\plugins\code-snippets\php\snippet-ops.php(663): Code_Snippets\execute_snippet('\necho '<div cla...', 5)
#2 C:\xampp\htdocs\flatsome\wp-includes\class-wp-hook.php(324): Code_Snippets\execute_active_snippets('')
#3 C:\xampp\htdocs\flatsome\wp-includes\class-wp-hook.php(348): WP_Hook->apply_filters(NULL, Array)
#4 C:\xampp\htdocs\flatsome\wp-includes\plugin.php(517): WP_Hook->do_action(Array)
#5 C:\xampp\htdocs\flatsome\wp-settings.php(506): do_action('plugins_loaded')
#6 C:\xampp\htdocs\flatsome\wp-config.php(96): require_once('C:\\xampp\\htdocs...')
#7 C:\xampp\htdocs\flatsome\wp-load.php(50): require_once('C:\\xampp\\htdocs...')
#8 C:\xampp\htdocs\flatsome\wp-blog-header.php(13): require_once('C:\\xampp\\htdocs...')
#9 C:\xampp\htdocs\flatsome\index.php(17): require('C:\\xampp\\htdocs...')
#10 {main}
  thrown in C:\xampp\htdocs\flatsome\wp-content\plugins\code-snippets\php\snippet-ops.php(582) : eval()'d code on line 4

2023-11-28T01:16:30+00:00 CRITICAL Uncaught Error: Call to a member function get_attributes() on null in C:\xampp\htdocs\flatsome\wp-content\plugins\code-snippets\php\snippet-ops.php(582) : eval()'d code:4
Stack trace:
#0 C:\xampp\htdocs\flatsome\wp-content\plugins\code-snippets\php\snippet-ops.php(582): eval()
#1 C:\xampp\htdocs\flatsome\wp-content\plugins\code-snippets\php\snippet-ops.php(663): Code_Snippets\execute_snippet('\necho '<div cla...', 5)
#2 C:\xampp\htdocs\flatsome\wp-includes\class-wp-hook.php(324): Code_Snippets\execute_active_snippets('')
#3 C:\xampp\htdocs\flatsome\wp-includes\class-wp-hook.php(348): WP_Hook->apply_filters(NULL, Array)
#4 C:\xampp\htdocs\flatsome\wp-includes\plugin.php(517): WP_Hook->do_action(Array)
#5 C:\xampp\htdocs\flatsome\wp-settings.php(506): do_action('plugins_loaded')
#6 C:\xampp\htdocs\flatsome\wp-config.php(96): require_once('C:\\xampp\\htdocs...')
#7 C:\xampp\htdocs\flatsome\wp-load.php(50): require_once('C:\\xampp\\htdocs...')
#8 C:\xampp\htdocs\flatsome\wp-blog-header.php(13): require_once('C:\\xampp\\htdocs...')
#9 C:\xampp\htdocs\flatsome\index.php(17): require('C:\\xampp\\htdocs...')
#10 {main}
  thrown in C:\xampp\htdocs\flatsome\wp-content\plugins\code-snippets\php\snippet-ops.php(582) : eval()'d code on line 4

2023-11-28T01:16:31+00:00 CRITICAL Uncaught Error: Call to a member function get_attributes() on null in C:\xampp\htdocs\flatsome\wp-content\plugins\code-snippets\php\snippet-ops.php(582) : eval()'d code:4
Stack trace:
#0 C:\xampp\htdocs\flatsome\wp-content\plugins\code-snippets\php\snippet-ops.php(582): eval()
#1 C:\xampp\htdocs\flatsome\wp-content\plugins\code-snippets\php\snippet-ops.php(663): Code_Snippets\execute_snippet('\necho '<div cla...', 5)
#2 C:\xampp\htdocs\flatsome\wp-includes\class-wp-hook.php(324): Code_Snippets\execute_active_snippets('')
#3 C:\xampp\htdocs\flatsome\wp-includes\class-wp-hook.php(348): WP_Hook->apply_filters(NULL, Array)
#4 C:\xampp\htdocs\flatsome\wp-includes\plugin.php(517): WP_Hook->do_action(Array)
#5 C:\xampp\htdocs\flatsome\wp-settings.php(506): do_action('plugins_loaded')
#6 C:\xampp\htdocs\flatsome\wp-config.php(96): require_once('C:\\xampp\\htdocs...')
#7 C:\xampp\htdocs\flatsome\wp-load.php(50): require_once('C:\\xampp\\htdocs...')
#8 C:\xampp\htdocs\flatsome\wp-blog-header.php(13): require_once('C:\\xampp\\htdocs...')
#9 C:\xampp\htdocs\flatsome\index.php(17): require('C:\\xampp\\htdocs...')
#10 {main}
  thrown in C:\xampp\htdocs\flatsome\wp-content\plugins\code-snippets\php\snippet-ops.php(582) : eval()'d code on line 4

2023-11-28T01:16:32+00:00 CRITICAL Uncaught Error: Call to a member function get_attributes() on null in C:\xampp\htdocs\flatsome\wp-content\plugins\code-snippets\php\snippet-ops.php(582) : eval()'d code:4
Stack trace:
#0 C:\xampp\htdocs\flatsome\wp-content\plugins\code-snippets\php\snippet-ops.php(582): eval()
#1 C:\xampp\htdocs\flatsome\wp-content\plugins\code-snippets\php\snippet-ops.php(663): Code_Snippets\execute_snippet('\necho '<div cla...', 5)
#2 C:\xampp\htdocs\flatsome\wp-includes\class-wp-hook.php(324): Code_Snippets\execute_active_snippets('')
#3 C:\xampp\htdocs\flatsome\wp-includes\class-wp-hook.php(348): WP_Hook->apply_filters(NULL, Array)
#4 C:\xampp\htdocs\flatsome\wp-includes\plugin.php(517): WP_Hook->do_action(Array)
#5 C:\xampp\htdocs\flatsome\wp-settings.php(506): do_action('plugins_loaded')
#6 C:\xampp\htdocs\flatsome\wp-config.php(96): require_once('C:\\xampp\\htdocs...')
#7 C:\xampp\htdocs\flatsome\wp-load.php(50): require_once('C:\\xampp\\htdocs...')
#8 C:\xampp\htdocs\flatsome\wp-blog-header.php(13): require_once('C:\\xampp\\htdocs...')
#9 C:\xampp\htdocs\flatsome\index.php(17): require('C:\\xampp\\htdocs...')
#10 {main}
  thrown in C:\xampp\htdocs\flatsome\wp-content\plugins\code-snippets\php\snippet-ops.php(582) : eval()'d code on line 4

2023-11-28T01:19:17+00:00 CRITICAL Uncaught Error: Call to a member function get_attributes() on null in C:\xampp\htdocs\flatsome\wp-content\plugins\code-snippets\php\snippet-ops.php(582) : eval()'d code:4
Stack trace:
#0 C:\xampp\htdocs\flatsome\wp-content\plugins\code-snippets\php\snippet-ops.php(582): eval()
#1 C:\xampp\htdocs\flatsome\wp-content\plugins\code-snippets\php\snippet-ops.php(663): Code_Snippets\execute_snippet('\necho '<div cla...', 5)
#2 C:\xampp\htdocs\flatsome\wp-includes\class-wp-hook.php(324): Code_Snippets\execute_active_snippets('')
#3 C:\xampp\htdocs\flatsome\wp-includes\class-wp-hook.php(348): WP_Hook->apply_filters(NULL, Array)
#4 C:\xampp\htdocs\flatsome\wp-includes\plugin.php(517): WP_Hook->do_action(Array)
#5 C:\xampp\htdocs\flatsome\wp-settings.php(506): do_action('plugins_loaded')
#6 C:\xampp\htdocs\flatsome\wp-config.php(96): require_once('C:\\xampp\\htdocs...')
#7 C:\xampp\htdocs\flatsome\wp-load.php(50): require_once('C:\\xampp\\htdocs...')
#8 C:\xampp\htdocs\flatsome\wp-blog-header.php(13): require_once('C:\\xampp\\htdocs...')
#9 C:\xampp\htdocs\flatsome\index.php(17): require('C:\\xampp\\htdocs...')
#10 {main}
  thrown in C:\xampp\htdocs\flatsome\wp-content\plugins\code-snippets\php\snippet-ops.php(582) : eval()'d code on line 4

2023-11-28T01:19:18+00:00 CRITICAL Uncaught Error: Call to a member function get_attributes() on null in C:\xampp\htdocs\flatsome\wp-content\plugins\code-snippets\php\snippet-ops.php(582) : eval()'d code:4
Stack trace:
#0 C:\xampp\htdocs\flatsome\wp-content\plugins\code-snippets\php\snippet-ops.php(582): eval()
#1 C:\xampp\htdocs\flatsome\wp-content\plugins\code-snippets\php\snippet-ops.php(663): Code_Snippets\execute_snippet('\necho '<div cla...', 5)
#2 C:\xampp\htdocs\flatsome\wp-includes\class-wp-hook.php(324): Code_Snippets\execute_active_snippets('')
#3 C:\xampp\htdocs\flatsome\wp-includes\class-wp-hook.php(348): WP_Hook->apply_filters(NULL, Array)
#4 C:\xampp\htdocs\flatsome\wp-includes\plugin.php(517): WP_Hook->do_action(Array)
#5 C:\xampp\htdocs\flatsome\wp-settings.php(506): do_action('plugins_loaded')
#6 C:\xampp\htdocs\flatsome\wp-config.php(96): require_once('C:\\xampp\\htdocs...')
#7 C:\xampp\htdocs\flatsome\wp-load.php(50): require_once('C:\\xampp\\htdocs...')
#8 C:\xampp\htdocs\flatsome\wp-blog-header.php(13): require_once('C:\\xampp\\htdocs...')
#9 C:\xampp\htdocs\flatsome\index.php(17): require('C:\\xampp\\htdocs...')
#10 {main}
  thrown in C:\xampp\htdocs\flatsome\wp-content\plugins\code-snippets\php\snippet-ops.php(582) : eval()'d code on line 4

2023-11-28T01:21:06+00:00 CRITICAL Uncaught Error: Call to a member function get_attributes() on null in C:\xampp\htdocs\flatsome\wp-content\plugins\code-snippets\php\snippet-ops.php(582) : eval()'d code:4
Stack trace:
#0 C:\xampp\htdocs\flatsome\wp-content\plugins\code-snippets\php\snippet-ops.php(582): eval()
#1 C:\xampp\htdocs\flatsome\wp-content\plugins\code-snippets\php\snippet-ops.php(663): Code_Snippets\execute_snippet('\necho '<div cla...', 5)
#2 C:\xampp\htdocs\flatsome\wp-includes\class-wp-hook.php(324): Code_Snippets\execute_active_snippets('')
#3 C:\xampp\htdocs\flatsome\wp-includes\class-wp-hook.php(348): WP_Hook->apply_filters(NULL, Array)
#4 C:\xampp\htdocs\flatsome\wp-includes\plugin.php(517): WP_Hook->do_action(Array)
#5 C:\xampp\htdocs\flatsome\wp-settings.php(506): do_action('plugins_loaded')
#6 C:\xampp\htdocs\flatsome\wp-config.php(96): require_once('C:\\xampp\\htdocs...')
#7 C:\xampp\htdocs\flatsome\wp-load.php(50): require_once('C:\\xampp\\htdocs...')
#8 C:\xampp\htdocs\flatsome\wp-blog-header.php(13): require_once('C:\\xampp\\htdocs...')
#9 C:\xampp\htdocs\flatsome\index.php(17): require('C:\\xampp\\htdocs...')
#10 {main}
  thrown in C:\xampp\htdocs\flatsome\wp-content\plugins\code-snippets\php\snippet-ops.php(582) : eval()'d code on line 4

2023-11-28T01:21:08+00:00 CRITICAL Uncaught Error: Call to a member function get_attributes() on null in C:\xampp\htdocs\flatsome\wp-content\plugins\code-snippets\php\snippet-ops.php(582) : eval()'d code:4
Stack trace:
#0 C:\xampp\htdocs\flatsome\wp-content\plugins\code-snippets\php\snippet-ops.php(582): eval()
#1 C:\xampp\htdocs\flatsome\wp-content\plugins\code-snippets\php\snippet-ops.php(663): Code_Snippets\execute_snippet('\necho '<div cla...', 5)
#2 C:\xampp\htdocs\flatsome\wp-includes\class-wp-hook.php(324): Code_Snippets\execute_active_snippets('')
#3 C:\xampp\htdocs\flatsome\wp-includes\class-wp-hook.php(348): WP_Hook->apply_filters(NULL, Array)
#4 C:\xampp\htdocs\flatsome\wp-includes\plugin.php(517): WP_Hook->do_action(Array)
#5 C:\xampp\htdocs\flatsome\wp-settings.php(506): do_action('plugins_loaded')
#6 C:\xampp\htdocs\flatsome\wp-config.php(96): require_once('C:\\xampp\\htdocs...')
#7 C:\xampp\htdocs\flatsome\wp-load.php(50): require_once('C:\\xampp\\htdocs...')
#8 C:\xampp\htdocs\flatsome\wp-blog-header.php(13): require_once('C:\\xampp\\htdocs...')
#9 C:\xampp\htdocs\flatsome\index.php(17): require('C:\\xampp\\htdocs...')
#10 {main}
  thrown in C:\xampp\htdocs\flatsome\wp-content\plugins\code-snippets\php\snippet-ops.php(582) : eval()'d code on line 4

