2023-11-25T08:37:19+00:00 CRITICAL Uncaught Error: Class "ZipArchive" not found in C:\xampp\htdocs\flatsome\wp-content\plugins\wpdatatables\lib\phpoffice\phpspreadsheet\src\PhpSpreadsheet\Reader\Xlsx.php:400
Stack trace:
#0 C:\xampp\htdocs\flatsome\wp-content\plugins\wpdatatables\source\class.wpdatatable.php(1720): PhpOffice\PhpSpreadsheet\Reader\Xlsx->load('C:/xampp/htdocs...')
#1 C:\xampp\htdocs\flatsome\wp-content\plugins\wpdatatables\source\class.wpdatatable.php(2275): WPDataTable->excelBasedConstruct('C:/xampp/htdocs...', Array)
#2 C:\xampp\htdocs\flatsome\wp-content\plugins\wpdatatables\source\class.wdtconfigcontroller.php(708): WPDataTable->fillFromData(Object(stdClass), Array)
#3 C:\xampp\htdocs\flatsome\wp-content\plugins\wpdatatables\source\class.wdtconfigcontroller.php(36): WDTConfigController::tryCreateTable('xls', 'C:/xampp/htdocs...', 'wp_media_lib')
#4 C:\xampp\htdocs\flatsome\wp-content\plugins\wpdatatables\controllers\wdt_admin_ajax_actions.php(23): WDTConfigController::saveTableConfig(Object(stdClass))
#5 C:\xampp\htdocs\flatsome\wp-includes\class-wp-hook.php(324): wdtSaveTableWithColumns('')
#6 C:\xampp\htdocs\flatsome\wp-includes\class-wp-hook.php(348): WP_Hook->apply_filters('', Array)
#7 C:\xampp\htdocs\flatsome\wp-includes\plugin.php(517): WP_Hook->do_action(Array)
#8 C:\xampp\htdocs\flatsome\wp-admin\admin-ajax.php(188): do_action('wp_ajax_wpdatat...')
#9 {main}
  thrown in C:\xampp\htdocs\flatsome\wp-content\plugins\wpdatatables\lib\phpoffice\phpspreadsheet\src\PhpSpreadsheet\Reader\Xlsx.php on line 400

2023-11-25T08:38:24+00:00 CRITICAL Uncaught Error: Class "ZipArchive" not found in C:\xampp\htdocs\flatsome\wp-content\plugins\wpdatatables\lib\phpoffice\phpspreadsheet\src\PhpSpreadsheet\Reader\Xlsx.php:400
Stack trace:
#0 C:\xampp\htdocs\flatsome\wp-content\plugins\wpdatatables\source\class.wpdatatable.php(1720): PhpOffice\PhpSpreadsheet\Reader\Xlsx->load('C:/xampp/htdocs...')
#1 C:\xampp\htdocs\flatsome\wp-content\plugins\wpdatatables\source\class.wpdatatable.php(2275): WPDataTable->excelBasedConstruct('C:/xampp/htdocs...', Array)
#2 C:\xampp\htdocs\flatsome\wp-content\plugins\wpdatatables\source\class.wdtconfigcontroller.php(708): WPDataTable->fillFromData(Object(stdClass), Array)
#3 C:\xampp\htdocs\flatsome\wp-content\plugins\wpdatatables\source\class.wdtconfigcontroller.php(36): WDTConfigController::tryCreateTable('xls', 'C:/xampp/htdocs...', 'wp_media_lib')
#4 C:\xampp\htdocs\flatsome\wp-content\plugins\wpdatatables\controllers\wdt_admin_ajax_actions.php(23): WDTConfigController::saveTableConfig(Object(stdClass))
#5 C:\xampp\htdocs\flatsome\wp-includes\class-wp-hook.php(324): wdtSaveTableWithColumns('')
#6 C:\xampp\htdocs\flatsome\wp-includes\class-wp-hook.php(348): WP_Hook->apply_filters('', Array)
#7 C:\xampp\htdocs\flatsome\wp-includes\plugin.php(517): WP_Hook->do_action(Array)
#8 C:\xampp\htdocs\flatsome\wp-admin\admin-ajax.php(188): do_action('wp_ajax_wpdatat...')
#9 {main}
  thrown in C:\xampp\htdocs\flatsome\wp-content\plugins\wpdatatables\lib\phpoffice\phpspreadsheet\src\PhpSpreadsheet\Reader\Xlsx.php on line 400

