2023-11-24T02:47:03+00:00 CRITICAL Uncaught TypeError: Unsupported operand types: string - int in C:\xampp\htdocs\flatsome\wp-content\plugins\woocommerce-product-builder\frontend\step.php:758
Stack trace:
#0 C:\xampp\htdocs\flatsome\wp-includes\class-wp-hook.php(324): VI_WPRODUCTBUILDER_FrontEnd_Step->product_builder_content_single_page(646)
#1 C:\xampp\htdocs\flatsome\wp-includes\class-wp-hook.php(348): WP_Hook->apply_filters('', Array)
#2 C:\xampp\htdocs\flatsome\wp-includes\plugin.php(517): WP_Hook->do_action(Array)
#3 C:\xampp\htdocs\flatsome\wp-content\plugins\woocommerce-product-builder\templates\single-product-builder.php(28): do_action('woocommerce_pro...', 646)
#4 C:\xampp\htdocs\flatsome\wp-content\plugins\woocommerce\includes\wc-core-functions.php(345): include('C:\\xampp\\htdocs...')
#5 C:\xampp\htdocs\flatsome\wp-content\plugins\woocommerce-product-builder\includes\functions.php(60): wc_get_template('single-product-...', Array, 'templates/wooco...', 'C:\\xampp\\htdocs...')
#6 C:\xampp\htdocs\flatsome\wp-content\plugins\woocommerce-product-builder\frontend\shortcode.php(51): wpb_get_template('single-product-...', Array)
#7 C:\xampp\htdocs\flatsome\wp-includes\shortcodes.php(433): VI_WPRODUCTBUILDER_FrontEnd_Shortcode->shortcode(Array, '', 'woocommerce_pro...')
#8 [internal function]: do_shortcode_tag(Array)
#9 C:\xampp\htdocs\flatsome\wp-includes\shortcodes.php(273): preg_replace_callback('/\\[(\\[?)(woocom...', 'do_shortcode_ta...', '\n[woocommerce_p...')
#10 C:\xampp\htdocs\flatsome\wp-content\themes\flatsome\inc\helpers\helpers-shortcode.php(203): do_shortcode('\n[woocommerce_p...')
#11 C:\xampp\htdocs\flatsome\wp-includes\class-wp-hook.php(324): flatsome_contentfix('\n[woocommerce_p...')
#12 C:\xampp\htdocs\flatsome\wp-includes\plugin.php(205): WP_Hook->apply_filters('\n[woocommerce_p...', Array)
#13 C:\xampp\htdocs\flatsome\wp-content\plugins\wordpress-seo\src\builders\indexable-link-builder.php(117): apply_filters('the_content', '<!-- wp:html --...')
#14 C:\xampp\htdocs\flatsome\wp-content\plugins\wordpress-seo\src\integrations\watchers\indexable-post-watcher.php(207): Yoast\WP\SEO\Builders\Indexable_Link_Builder->build(Object(Yoast\WP\SEO\Models\Indexable), '<!-- wp:html --...')
#15 C:\xampp\htdocs\flatsome\wp-includes\class-wp-hook.php(326): Yoast\WP\SEO\Integrations\Watchers\Indexable_Post_Watcher->build_indexable(359)
#16 C:\xampp\htdocs\flatsome\wp-includes\class-wp-hook.php(348): WP_Hook->apply_filters(NULL, Array)
#17 C:\xampp\htdocs\flatsome\wp-includes\plugin.php(517): WP_Hook->do_action(Array)
#18 C:\xampp\htdocs\flatsome\wp-includes\post.php(4771): do_action('wp_insert_post', 359, Object(WP_Post), true)
#19 C:\xampp\htdocs\flatsome\wp-includes\post.php(4862): wp_insert_post(Array, true, false)
#20 C:\xampp\htdocs\flatsome\wp-includes\rest-api\endpoints\class-wp-rest-posts-controller.php(880): wp_update_post(Array, true, false)
#21 C:\xampp\htdocs\flatsome\wp-includes\rest-api\class-wp-rest-server.php(1193): WP_REST_Posts_Controller->update_item(Object(WP_REST_Request))
#22 C:\xampp\htdocs\flatsome\wp-includes\rest-api\class-wp-rest-server.php(1041): WP_REST_Server->respond_to_request(Object(WP_REST_Request), '/wp/v2/pages/(?...', Array, NULL)
#23 C:\xampp\htdocs\flatsome\wp-includes\rest-api\class-wp-rest-server.php(431): WP_REST_Server->dispatch(Object(WP_REST_Request))
#24 C:\xampp\htdocs\flatsome\wp-includes\rest-api.php(424): WP_REST_Server->serve_request('/wp/v2/pages/35...')
#25 C:\xampp\htdocs\flatsome\wp-includes\class-wp-hook.php(324): rest_api_loaded(Object(WP))
#26 C:\xampp\htdocs\flatsome\wp-includes\class-wp-hook.php(348): WP_Hook->apply_filters(NULL, Array)
#27 C:\xampp\htdocs\flatsome\wp-includes\plugin.php(565): WP_Hook->do_action(Array)
#28 C:\xampp\htdocs\flatsome\wp-includes\class-wp.php(418): do_action_ref_array('parse_request', Array)
#29 C:\xampp\htdocs\flatsome\wp-includes\class-wp.php(813): WP->parse_request('')
#30 C:\xampp\htdocs\flatsome\wp-includes\functions.php(1336): WP->main('')
#31 C:\xampp\htdocs\flatsome\wp-blog-header.php(16): wp()
#32 C:\xampp\htdocs\flatsome\index.php(17): require('C:\\xampp\\htdocs...')
#33 {main}
  thrown in C:\xampp\htdocs\flatsome\wp-content\plugins\woocommerce-product-builder\frontend\step.php on line 758

2023-11-24T02:47:14+00:00 CRITICAL Uncaught TypeError: Unsupported operand types: string - int in C:\xampp\htdocs\flatsome\wp-content\plugins\woocommerce-product-builder\frontend\step.php:758
Stack trace:
#0 C:\xampp\htdocs\flatsome\wp-includes\class-wp-hook.php(324): VI_WPRODUCTBUILDER_FrontEnd_Step->product_builder_content_single_page(646)
#1 C:\xampp\htdocs\flatsome\wp-includes\class-wp-hook.php(348): WP_Hook->apply_filters('', Array)
#2 C:\xampp\htdocs\flatsome\wp-includes\plugin.php(517): WP_Hook->do_action(Array)
#3 C:\xampp\htdocs\flatsome\wp-content\plugins\woocommerce-product-builder\templates\single-product-builder.php(28): do_action('woocommerce_pro...', 646)
#4 C:\xampp\htdocs\flatsome\wp-content\plugins\woocommerce\includes\wc-core-functions.php(345): include('C:\\xampp\\htdocs...')
#5 C:\xampp\htdocs\flatsome\wp-content\plugins\woocommerce-product-builder\includes\functions.php(60): wc_get_template('single-product-...', Array, 'templates/wooco...', 'C:\\xampp\\htdocs...')
#6 C:\xampp\htdocs\flatsome\wp-content\plugins\woocommerce-product-builder\frontend\shortcode.php(51): wpb_get_template('single-product-...', Array)
#7 C:\xampp\htdocs\flatsome\wp-includes\shortcodes.php(433): VI_WPRODUCTBUILDER_FrontEnd_Shortcode->shortcode(Array, '', 'woocommerce_pro...')
#8 [internal function]: do_shortcode_tag(Array)
#9 C:\xampp\htdocs\flatsome\wp-includes\shortcodes.php(273): preg_replace_callback('/\\[(\\[?)(woocom...', 'do_shortcode_ta...', '\n[woocommerce_p...')
#10 C:\xampp\htdocs\flatsome\wp-content\themes\flatsome\inc\helpers\helpers-shortcode.php(203): do_shortcode('\n[woocommerce_p...')
#11 C:\xampp\htdocs\flatsome\wp-includes\class-wp-hook.php(324): flatsome_contentfix('\n[woocommerce_p...')
#12 C:\xampp\htdocs\flatsome\wp-includes\plugin.php(205): WP_Hook->apply_filters('\n[woocommerce_p...', Array)
#13 C:\xampp\htdocs\flatsome\wp-content\plugins\wordpress-seo\src\builders\indexable-link-builder.php(117): apply_filters('the_content', '<!-- wp:html --...')
#14 C:\xampp\htdocs\flatsome\wp-content\plugins\wordpress-seo\src\integrations\watchers\indexable-post-watcher.php(207): Yoast\WP\SEO\Builders\Indexable_Link_Builder->build(Object(Yoast\WP\SEO\Models\Indexable), '<!-- wp:html --...')
#15 C:\xampp\htdocs\flatsome\wp-includes\class-wp-hook.php(326): Yoast\WP\SEO\Integrations\Watchers\Indexable_Post_Watcher->build_indexable(359)
#16 C:\xampp\htdocs\flatsome\wp-includes\class-wp-hook.php(348): WP_Hook->apply_filters(NULL, Array)
#17 C:\xampp\htdocs\flatsome\wp-includes\plugin.php(517): WP_Hook->do_action(Array)
#18 C:\xampp\htdocs\flatsome\wp-includes\post.php(4771): do_action('wp_insert_post', 359, Object(WP_Post), true)
#19 C:\xampp\htdocs\flatsome\wp-includes\post.php(4862): wp_insert_post(Array, true, false)
#20 C:\xampp\htdocs\flatsome\wp-includes\rest-api\endpoints\class-wp-rest-posts-controller.php(880): wp_update_post(Array, true, false)
#21 C:\xampp\htdocs\flatsome\wp-includes\rest-api\class-wp-rest-server.php(1193): WP_REST_Posts_Controller->update_item(Object(WP_REST_Request))
#22 C:\xampp\htdocs\flatsome\wp-includes\rest-api\class-wp-rest-server.php(1041): WP_REST_Server->respond_to_request(Object(WP_REST_Request), '/wp/v2/pages/(?...', Array, NULL)
#23 C:\xampp\htdocs\flatsome\wp-includes\rest-api\class-wp-rest-server.php(431): WP_REST_Server->dispatch(Object(WP_REST_Request))
#24 C:\xampp\htdocs\flatsome\wp-includes\rest-api.php(424): WP_REST_Server->serve_request('/wp/v2/pages/35...')
#25 C:\xampp\htdocs\flatsome\wp-includes\class-wp-hook.php(324): rest_api_loaded(Object(WP))
#26 C:\xampp\htdocs\flatsome\wp-includes\class-wp-hook.php(348): WP_Hook->apply_filters(NULL, Array)
#27 C:\xampp\htdocs\flatsome\wp-includes\plugin.php(565): WP_Hook->do_action(Array)
#28 C:\xampp\htdocs\flatsome\wp-includes\class-wp.php(418): do_action_ref_array('parse_request', Array)
#29 C:\xampp\htdocs\flatsome\wp-includes\class-wp.php(813): WP->parse_request('')
#30 C:\xampp\htdocs\flatsome\wp-includes\functions.php(1336): WP->main('')
#31 C:\xampp\htdocs\flatsome\wp-blog-header.php(16): wp()
#32 C:\xampp\htdocs\flatsome\index.php(17): require('C:\\xampp\\htdocs...')
#33 {main}
  thrown in C:\xampp\htdocs\flatsome\wp-content\plugins\woocommerce-product-builder\frontend\step.php on line 758

2023-11-24T02:47:19+00:00 CRITICAL Uncaught TypeError: Unsupported operand types: string - int in C:\xampp\htdocs\flatsome\wp-content\plugins\woocommerce-product-builder\frontend\step.php:758
Stack trace:
#0 C:\xampp\htdocs\flatsome\wp-includes\class-wp-hook.php(324): VI_WPRODUCTBUILDER_FrontEnd_Step->product_builder_content_single_page(646)
#1 C:\xampp\htdocs\flatsome\wp-includes\class-wp-hook.php(348): WP_Hook->apply_filters('', Array)
#2 C:\xampp\htdocs\flatsome\wp-includes\plugin.php(517): WP_Hook->do_action(Array)
#3 C:\xampp\htdocs\flatsome\wp-content\plugins\woocommerce-product-builder\templates\single-product-builder.php(28): do_action('woocommerce_pro...', 646)
#4 C:\xampp\htdocs\flatsome\wp-content\plugins\woocommerce\includes\wc-core-functions.php(345): include('C:\\xampp\\htdocs...')
#5 C:\xampp\htdocs\flatsome\wp-content\plugins\woocommerce-product-builder\includes\functions.php(60): wc_get_template('single-product-...', Array, 'templates/wooco...', 'C:\\xampp\\htdocs...')
#6 C:\xampp\htdocs\flatsome\wp-content\plugins\woocommerce-product-builder\frontend\shortcode.php(51): wpb_get_template('single-product-...', Array)
#7 C:\xampp\htdocs\flatsome\wp-includes\shortcodes.php(433): VI_WPRODUCTBUILDER_FrontEnd_Shortcode->shortcode(Array, '', 'woocommerce_pro...')
#8 [internal function]: do_shortcode_tag(Array)
#9 C:\xampp\htdocs\flatsome\wp-includes\shortcodes.php(273): preg_replace_callback('/\\[(\\[?)(woocom...', 'do_shortcode_ta...', '\n[woocommerce_p...')
#10 C:\xampp\htdocs\flatsome\wp-content\themes\flatsome\inc\helpers\helpers-shortcode.php(203): do_shortcode('\n[woocommerce_p...')
#11 C:\xampp\htdocs\flatsome\wp-includes\class-wp-hook.php(324): flatsome_contentfix('\n[woocommerce_p...')
#12 C:\xampp\htdocs\flatsome\wp-includes\plugin.php(205): WP_Hook->apply_filters('\n[woocommerce_p...', Array)
#13 C:\xampp\htdocs\flatsome\wp-content\plugins\wordpress-seo\src\builders\indexable-link-builder.php(117): apply_filters('the_content', '<!-- wp:html --...')
#14 C:\xampp\htdocs\flatsome\wp-content\plugins\wordpress-seo\src\integrations\watchers\indexable-post-watcher.php(207): Yoast\WP\SEO\Builders\Indexable_Link_Builder->build(Object(Yoast\WP\SEO\Models\Indexable), '<!-- wp:html --...')
#15 C:\xampp\htdocs\flatsome\wp-includes\class-wp-hook.php(326): Yoast\WP\SEO\Integrations\Watchers\Indexable_Post_Watcher->build_indexable(359)
#16 C:\xampp\htdocs\flatsome\wp-includes\class-wp-hook.php(348): WP_Hook->apply_filters(NULL, Array)
#17 C:\xampp\htdocs\flatsome\wp-includes\plugin.php(517): WP_Hook->do_action(Array)
#18 C:\xampp\htdocs\flatsome\wp-includes\post.php(4771): do_action('wp_insert_post', 359, Object(WP_Post), true)
#19 C:\xampp\htdocs\flatsome\wp-includes\post.php(4862): wp_insert_post(Array, true, false)
#20 C:\xampp\htdocs\flatsome\wp-includes\rest-api\endpoints\class-wp-rest-posts-controller.php(880): wp_update_post(Array, true, false)
#21 C:\xampp\htdocs\flatsome\wp-includes\rest-api\class-wp-rest-server.php(1193): WP_REST_Posts_Controller->update_item(Object(WP_REST_Request))
#22 C:\xampp\htdocs\flatsome\wp-includes\rest-api\class-wp-rest-server.php(1041): WP_REST_Server->respond_to_request(Object(WP_REST_Request), '/wp/v2/pages/(?...', Array, NULL)
#23 C:\xampp\htdocs\flatsome\wp-includes\rest-api\class-wp-rest-server.php(431): WP_REST_Server->dispatch(Object(WP_REST_Request))
#24 C:\xampp\htdocs\flatsome\wp-includes\rest-api.php(424): WP_REST_Server->serve_request('/wp/v2/pages/35...')
#25 C:\xampp\htdocs\flatsome\wp-includes\class-wp-hook.php(324): rest_api_loaded(Object(WP))
#26 C:\xampp\htdocs\flatsome\wp-includes\class-wp-hook.php(348): WP_Hook->apply_filters(NULL, Array)
#27 C:\xampp\htdocs\flatsome\wp-includes\plugin.php(565): WP_Hook->do_action(Array)
#28 C:\xampp\htdocs\flatsome\wp-includes\class-wp.php(418): do_action_ref_array('parse_request', Array)
#29 C:\xampp\htdocs\flatsome\wp-includes\class-wp.php(813): WP->parse_request('')
#30 C:\xampp\htdocs\flatsome\wp-includes\functions.php(1336): WP->main('')
#31 C:\xampp\htdocs\flatsome\wp-blog-header.php(16): wp()
#32 C:\xampp\htdocs\flatsome\index.php(17): require('C:\\xampp\\htdocs...')
#33 {main}
  thrown in C:\xampp\htdocs\flatsome\wp-content\plugins\woocommerce-product-builder\frontend\step.php on line 758

2023-11-24T02:47:56+00:00 CRITICAL Uncaught TypeError: Unsupported operand types: string - int in C:\xampp\htdocs\flatsome\wp-content\plugins\woocommerce-product-builder\frontend\step.php:758
Stack trace:
#0 C:\xampp\htdocs\flatsome\wp-includes\class-wp-hook.php(324): VI_WPRODUCTBUILDER_FrontEnd_Step->product_builder_content_single_page(646)
#1 C:\xampp\htdocs\flatsome\wp-includes\class-wp-hook.php(348): WP_Hook->apply_filters('', Array)
#2 C:\xampp\htdocs\flatsome\wp-includes\plugin.php(517): WP_Hook->do_action(Array)
#3 C:\xampp\htdocs\flatsome\wp-content\plugins\woocommerce-product-builder\templates\single-product-builder.php(28): do_action('woocommerce_pro...', 646)
#4 C:\xampp\htdocs\flatsome\wp-content\plugins\woocommerce\includes\wc-core-functions.php(345): include('C:\\xampp\\htdocs...')
#5 C:\xampp\htdocs\flatsome\wp-content\plugins\woocommerce-product-builder\includes\functions.php(60): wc_get_template('single-product-...', Array, 'templates/wooco...', 'C:\\xampp\\htdocs...')
#6 C:\xampp\htdocs\flatsome\wp-content\plugins\woocommerce-product-builder\frontend\shortcode.php(51): wpb_get_template('single-product-...', Array)
#7 C:\xampp\htdocs\flatsome\wp-includes\shortcodes.php(433): VI_WPRODUCTBUILDER_FrontEnd_Shortcode->shortcode(Array, '', 'woocommerce_pro...')
#8 [internal function]: do_shortcode_tag(Array)
#9 C:\xampp\htdocs\flatsome\wp-includes\shortcodes.php(273): preg_replace_callback('/\\[(\\[?)(woocom...', 'do_shortcode_ta...', '\n[woocommerce_p...')
#10 C:\xampp\htdocs\flatsome\wp-content\themes\flatsome\inc\helpers\helpers-shortcode.php(203): do_shortcode('\n[woocommerce_p...')
#11 C:\xampp\htdocs\flatsome\wp-includes\class-wp-hook.php(324): flatsome_contentfix('\n[woocommerce_p...')
#12 C:\xampp\htdocs\flatsome\wp-includes\plugin.php(205): WP_Hook->apply_filters('\n[woocommerce_p...', Array)
#13 C:\xampp\htdocs\flatsome\wp-content\plugins\wordpress-seo\src\builders\indexable-link-builder.php(117): apply_filters('the_content', '<!-- wp:html --...')
#14 C:\xampp\htdocs\flatsome\wp-content\plugins\wordpress-seo\src\integrations\watchers\indexable-post-watcher.php(207): Yoast\WP\SEO\Builders\Indexable_Link_Builder->build(Object(Yoast\WP\SEO\Models\Indexable), '<!-- wp:html --...')
#15 C:\xampp\htdocs\flatsome\wp-includes\class-wp-hook.php(326): Yoast\WP\SEO\Integrations\Watchers\Indexable_Post_Watcher->build_indexable(359)
#16 C:\xampp\htdocs\flatsome\wp-includes\class-wp-hook.php(348): WP_Hook->apply_filters(NULL, Array)
#17 C:\xampp\htdocs\flatsome\wp-includes\plugin.php(517): WP_Hook->do_action(Array)
#18 C:\xampp\htdocs\flatsome\wp-includes\post.php(4771): do_action('wp_insert_post', 359, Object(WP_Post), true)
#19 C:\xampp\htdocs\flatsome\wp-includes\post.php(4862): wp_insert_post(Array, true, false)
#20 C:\xampp\htdocs\flatsome\wp-includes\rest-api\endpoints\class-wp-rest-posts-controller.php(880): wp_update_post(Array, true, false)
#21 C:\xampp\htdocs\flatsome\wp-includes\rest-api\class-wp-rest-server.php(1193): WP_REST_Posts_Controller->update_item(Object(WP_REST_Request))
#22 C:\xampp\htdocs\flatsome\wp-includes\rest-api\class-wp-rest-server.php(1041): WP_REST_Server->respond_to_request(Object(WP_REST_Request), '/wp/v2/pages/(?...', Array, NULL)
#23 C:\xampp\htdocs\flatsome\wp-includes\rest-api\class-wp-rest-server.php(431): WP_REST_Server->dispatch(Object(WP_REST_Request))
#24 C:\xampp\htdocs\flatsome\wp-includes\rest-api.php(424): WP_REST_Server->serve_request('/wp/v2/pages/35...')
#25 C:\xampp\htdocs\flatsome\wp-includes\class-wp-hook.php(324): rest_api_loaded(Object(WP))
#26 C:\xampp\htdocs\flatsome\wp-includes\class-wp-hook.php(348): WP_Hook->apply_filters(NULL, Array)
#27 C:\xampp\htdocs\flatsome\wp-includes\plugin.php(565): WP_Hook->do_action(Array)
#28 C:\xampp\htdocs\flatsome\wp-includes\class-wp.php(418): do_action_ref_array('parse_request', Array)
#29 C:\xampp\htdocs\flatsome\wp-includes\class-wp.php(813): WP->parse_request('')
#30 C:\xampp\htdocs\flatsome\wp-includes\functions.php(1336): WP->main('')
#31 C:\xampp\htdocs\flatsome\wp-blog-header.php(16): wp()
#32 C:\xampp\htdocs\flatsome\index.php(17): require('C:\\xampp\\htdocs...')
#33 {main}
  thrown in C:\xampp\htdocs\flatsome\wp-content\plugins\woocommerce-product-builder\frontend\step.php on line 758

2023-11-24T03:45:00+00:00 CRITICAL Uncaught TypeError: Unsupported operand types: string - int in C:\xampp\htdocs\flatsome\wp-content\plugins\woocommerce-product-builder\frontend\step.php:758
Stack trace:
#0 C:\xampp\htdocs\flatsome\wp-includes\class-wp-hook.php(324): VI_WPRODUCTBUILDER_FrontEnd_Step->product_builder_content_single_page(646)
#1 C:\xampp\htdocs\flatsome\wp-includes\class-wp-hook.php(348): WP_Hook->apply_filters('', Array)
#2 C:\xampp\htdocs\flatsome\wp-includes\plugin.php(517): WP_Hook->do_action(Array)
#3 C:\xampp\htdocs\flatsome\wp-content\plugins\woocommerce-product-builder\templates\single-product-builder.php(28): do_action('woocommerce_pro...', 646)
#4 C:\xampp\htdocs\flatsome\wp-content\plugins\woocommerce\includes\wc-core-functions.php(345): include('C:\\xampp\\htdocs...')
#5 C:\xampp\htdocs\flatsome\wp-content\plugins\woocommerce-product-builder\includes\functions.php(60): wc_get_template('single-product-...', Array, 'templates/wooco...', 'C:\\xampp\\htdocs...')
#6 C:\xampp\htdocs\flatsome\wp-content\plugins\woocommerce-product-builder\frontend\shortcode.php(51): wpb_get_template('single-product-...', Array)
#7 C:\xampp\htdocs\flatsome\wp-includes\shortcodes.php(433): VI_WPRODUCTBUILDER_FrontEnd_Shortcode->shortcode(Array, '', 'woocommerce_pro...')
#8 [internal function]: do_shortcode_tag(Array)
#9 C:\xampp\htdocs\flatsome\wp-includes\shortcodes.php(273): preg_replace_callback('/\\[(\\[?)(woocom...', 'do_shortcode_ta...', '\n[woocommerce_p...')
#10 C:\xampp\htdocs\flatsome\wp-content\themes\flatsome\inc\helpers\helpers-shortcode.php(203): do_shortcode('\n[woocommerce_p...')
#11 C:\xampp\htdocs\flatsome\wp-includes\class-wp-hook.php(324): flatsome_contentfix('\n[woocommerce_p...')
#12 C:\xampp\htdocs\flatsome\wp-includes\plugin.php(205): WP_Hook->apply_filters('\n[woocommerce_p...', Array)
#13 C:\xampp\htdocs\flatsome\wp-content\plugins\wordpress-seo\src\builders\indexable-link-builder.php(117): apply_filters('the_content', '<!-- wp:flatsom...')
#14 C:\xampp\htdocs\flatsome\wp-content\plugins\wordpress-seo\src\integrations\watchers\indexable-post-watcher.php(207): Yoast\WP\SEO\Builders\Indexable_Link_Builder->build(Object(Yoast\WP\SEO\Models\Indexable), '<!-- wp:flatsom...')
#15 C:\xampp\htdocs\flatsome\wp-includes\class-wp-hook.php(326): Yoast\WP\SEO\Integrations\Watchers\Indexable_Post_Watcher->build_indexable(359)
#16 C:\xampp\htdocs\flatsome\wp-includes\class-wp-hook.php(348): WP_Hook->apply_filters(NULL, Array)
#17 C:\xampp\htdocs\flatsome\wp-includes\plugin.php(517): WP_Hook->do_action(Array)
#18 C:\xampp\htdocs\flatsome\wp-includes\post.php(4771): do_action('wp_insert_post', 359, Object(WP_Post), true)
#19 C:\xampp\htdocs\flatsome\wp-includes\post.php(4862): wp_insert_post(Array, false, true)
#20 C:\xampp\htdocs\flatsome\wp-content\themes\flatsome\inc\builder\core\server\src\Ajax\PostSaver.php(57): wp_update_post(Array)
#21 C:\xampp\htdocs\flatsome\wp-includes\class-wp-hook.php(324): UxBuilder\Ajax\PostSaver->save('')
#22 C:\xampp\htdocs\flatsome\wp-includes\class-wp-hook.php(348): WP_Hook->apply_filters('', Array)
#23 C:\xampp\htdocs\flatsome\wp-includes\plugin.php(517): WP_Hook->do_action(Array)
#24 C:\xampp\htdocs\flatsome\wp-admin\admin-ajax.php(188): do_action('wp_ajax_ux_buil...')
#25 {main}
  thrown in C:\xampp\htdocs\flatsome\wp-content\plugins\woocommerce-product-builder\frontend\step.php on line 758

2023-11-24T05:36:40+00:00 CRITICAL syntax error, unexpected token "<", expecting end of file in C:\xampp\htdocs\flatsome\wp-content\themes\flatsome-child\functions.php on line 187

2023-11-24T05:36:41+00:00 CRITICAL syntax error, unexpected token "<", expecting end of file in C:\xampp\htdocs\flatsome\wp-content\themes\flatsome-child\functions.php on line 187

2023-11-24T05:36:41+00:00 CRITICAL syntax error, unexpected token "<", expecting end of file in C:\xampp\htdocs\flatsome\wp-content\themes\flatsome-child\functions.php on line 187

