2023-11-23T07:20:52+00:00 CRITICAL Cannot redeclare kucrut_register_sdk() (previously declared in C:\xampp\htdocs\flatsome\wp-content\plugins\ot-flatsome-vertical-menu\libs\menu-icons\menu-icons.php:166) in C:\xampp\htdocs\flatsome\wp-content\plugins\menu-icons\menu-icons.php on line 259

2023-11-23T07:20:56+00:00 CRITICAL Cannot redeclare kucrut_register_sdk() (previously declared in C:\xampp\htdocs\flatsome\wp-content\plugins\ot-flatsome-vertical-menu\libs\menu-icons\menu-icons.php:166) in C:\xampp\htdocs\flatsome\wp-content\plugins\menu-icons\menu-icons.php on line 259

2023-11-23T09:26:48+00:00 CRITICAL Cannot redeclare kucrut_register_sdk() (previously declared in C:\xampp\htdocs\flatsome\wp-content\plugins\ot-flatsome-vertical-menu\libs\menu-icons\menu-icons.php:166) in C:\xampp\htdocs\flatsome\wp-content\plugins\menu-icons\menu-icons.php on line 259

2023-11-23T09:28:13+00:00 CRITICAL Cannot redeclare kucrut_register_sdk() (previously declared in C:\xampp\htdocs\flatsome\wp-content\plugins\ot-flatsome-vertical-menu\libs\menu-icons\menu-icons.php:166) in C:\xampp\htdocs\flatsome\wp-content\plugins\menu-icons\menu-icons.php on line 259

2023-11-23T09:28:45+00:00 CRITICAL Cannot redeclare kucrut_register_sdk() (previously declared in C:\xampp\htdocs\flatsome\wp-content\plugins\ot-flatsome-vertical-menu\libs\menu-icons\menu-icons.php:166) in C:\xampp\htdocs\flatsome\wp-content\plugins\menu-icons\menu-icons.php on line 259

2023-11-23T09:37:22+00:00 CRITICAL Uncaught TypeError: call_user_func_array(): Argument #1 ($callback) must be a valid callback, class WP_Menu_Image does not have a method "mm_fs_uninstall_cleanup" in C:\xampp\htdocs\flatsome\wp-includes\class-wp-hook.php:324
Stack trace:
#0 C:\xampp\htdocs\flatsome\wp-includes\class-wp-hook.php(348): WP_Hook->apply_filters('', Array)
#1 C:\xampp\htdocs\flatsome\wp-includes\plugin.php(517): WP_Hook->do_action(Array)
#2 C:\xampp\htdocs\flatsome\wp-content\plugins\menu-image\freemius\includes\class-freemius.php(19588): do_action('fs_after_uninst...')
#3 C:\xampp\htdocs\flatsome\wp-content\plugins\menu-image\freemius\includes\class-freemius.php(10086): Freemius->do_action('after_uninstall')
#4 C:\xampp\htdocs\flatsome\wp-includes\class-wp-hook.php(324): Freemius::_uninstall_plugin_hook('')
#5 C:\xampp\htdocs\flatsome\wp-includes\class-wp-hook.php(348): WP_Hook->apply_filters('', Array)
#6 C:\xampp\htdocs\flatsome\wp-includes\plugin.php(517): WP_Hook->do_action(Array)
#7 C:\xampp\htdocs\flatsome\wp-admin\includes\plugin.php(1269): do_action('uninstall_menu-...')
#8 C:\xampp\htdocs\flatsome\wp-admin\includes\plugin.php(960): uninstall_plugin('menu-image/menu...')
#9 C:\xampp\htdocs\flatsome\wp-admin\includes\ajax-actions.php(4748): delete_plugins(Array)
#10 C:\xampp\htdocs\flatsome\wp-includes\class-wp-hook.php(324): wp_ajax_delete_plugin('')
#11 C:\xampp\htdocs\flatsome\wp-includes\class-wp-hook.php(348): WP_Hook->apply_filters('', Array)
#12 C:\xampp\htdocs\flatsome\wp-includes\plugin.php(517): WP_Hook->do_action(Array)
#13 C:\xampp\htdocs\flatsome\wp-admin\admin-ajax.php(188): do_action('wp_ajax_delete-...')
#14 {main}
  thrown in C:\xampp\htdocs\flatsome\wp-includes\class-wp-hook.php on line 324

