2023-11-24T05:04:12+00:00 DEBUG POST: https://business-api.tiktok.com/tbp/v2.0/business_profile/disconnect?external_data=

{"business_platform":"WOO_COMMERCE","external_business_id":"tt4b_woocommerce_655c74ebccf96"}
 ajax: no
2023-11-24T05:04:13+00:00 DEBUG Tt4b_Mapi_Class::tbp_post: Response: 

HTTP/1.1 200 OK
Server: TLB
Content-Type: application/json; charset=utf-8
Content-Length: 95
X-Api-Deprecation-Info: API for Business Version 1.3 is now live. To avoid disruption to your business, we recommend you migrate all calls to v1.3 as soon as possible. Please visit our migration guide for more details: https://ads.tiktok.com/marketing_api/docs?id=1740029169927169
X-Domain-Change-Info: We have moved to the new domain business-api.tiktok.com for API services after the Platform Upgrade on 09/30/2021. Please update all of your requests with the new domain if you haven't done so already. For more information, please visit https://ads.tiktok.com/marketing_api/docs?rid=esb88xalm6m&id=1709207085043713
X-Tt-Logid: 20231124050412DB60B8A1C21E7CCFA01A
Server-Timing: inner; dur=10
x-tt-trace-host: 01d1b0445d978703bffcc1bef4a6e28998631839cead885ea662c32745b384630ec6f2a37abbd832ec08e0faad34130ad95d15a456a8e5507544d795bb8cb8bc3d7d825c02f0007dab28df44c92e6d24f56f6c45e2edb7c1abdb32d76b749ddb6d
Expires: Fri, 24 Nov 2023 05:04:13 GMT
Cache-Control: max-age=0, no-cache, no-store
Pragma: no-cache
Date: Fri, 24 Nov 2023 05:04:13 GMT
X-Cache: TCP_MISS from a104-90-7-37.deploy.akamaitechnologies.com (AkamaiGHost/11.3.2-52183077) (-)
Connection: close
x-tt-trace-tag: id=16;cdn-cache=miss;type=dyn
Server-Timing: cdn-cache; desc=MISS, edge; dur=3, origin; dur=48
X-Origin-Response-Time: 49,104.90.7.37
X-Akamai-Request-ID: 1cd68b54

{"code":40001,"message":"Permission denied.","request_id":"20231124050412DB60B8A1C21E7CCFA01A"}

2023-11-24T05:04:13+00:00 DEBUG POST: https://business-api.tiktok.com/tbp/v2.0/shop/connection/disconnect?external_data=

--- EMPTY STRING ---
 ajax: no
2023-11-24T05:04:14+00:00 DEBUG Tt4b_Mapi_Class::tts_shop_disconnect: Response: 

HTTP/1.1 200 OK
Server: TLB
Content-Type: application/json; charset=utf-8
Content-Length: 95
X-Api-Deprecation-Info: API for Business Version 1.3 is now live. To avoid disruption to your business, we recommend you migrate all calls to v1.3 as soon as possible. Please visit our migration guide for more details: https://ads.tiktok.com/marketing_api/docs?id=1740029169927169
X-Domain-Change-Info: We have moved to the new domain business-api.tiktok.com for API services after the Platform Upgrade on 09/30/2021. Please update all of your requests with the new domain if you haven't done so already. For more information, please visit https://ads.tiktok.com/marketing_api/docs?rid=esb88xalm6m&id=1709207085043713
X-Tt-Logid: 20231124050413DB60B8A1C21E7CCFA041
Server-Timing: inner; dur=10
x-tt-trace-host: 01d1b0445d978703bffcc1bef4a6e28998631839cead885ea662c32745b384630ec6f2a37abbd832ec08e0faad34130ad95d15a456a8e5507544d795bb8cb8bc3d4cb93e465b9d3e3083b41fa16e4c572c333b7103fad1e555d1baeebe35d47867
Expires: Fri, 24 Nov 2023 05:04:14 GMT
Cache-Control: max-age=0, no-cache, no-store
Pragma: no-cache
Date: Fri, 24 Nov 2023 05:04:14 GMT
X-Cache: TCP_MISS from a104-90-7-37.deploy.akamaitechnologies.com (AkamaiGHost/11.3.2-52183077) (-)
Connection: close
x-tt-trace-tag: id=16;cdn-cache=miss;type=dyn
Server-Timing: cdn-cache; desc=MISS, edge; dur=2, origin; dur=48
X-Origin-Response-Time: 48,104.90.7.37
X-Akamai-Request-ID: 1cd68cd9

{"code":40001,"message":"Permission denied.","request_id":"20231124050413DB60B8A1C21E7CCFA041"}

